timestamp: 2014-11-10T00:51:51.417000
CREATE TABLE auth_user(
    id INTEGER PRIMARY KEY AUTOINCREMENT,
    first_name CHAR(128),
    last_name CHAR(128),
    email CHAR(512),
    password CHAR(512),
    registration_key CHAR(512),
    reset_password_key CHAR(512),
    registration_id CHAR(512)
);
success!
timestamp: 2014-11-10T00:51:51.428000
CREATE TABLE auth_group(
    id INTEGER PRIMARY KEY AUTOINCREMENT,
    role CHAR(512),
    description TEXT
);
success!
timestamp: 2014-11-10T00:51:51.436000
CREATE TABLE auth_membership(
    id INTEGER PRIMARY KEY AUTOINCREMENT,
    user_id INTEGER REFERENCES auth_user (id) ON DELETE CASCADE,
    group_id INTEGER REFERENCES auth_group (id) ON DELETE CASCADE
);
success!
timestamp: 2014-11-10T00:51:51.445000
CREATE TABLE auth_permission(
    id INTEGER PRIMARY KEY AUTOINCREMENT,
    group_id INTEGER REFERENCES auth_group (id) ON DELETE CASCADE,
    name CHAR(512),
    table_name CHAR(512),
    record_id INTEGER
);
success!
timestamp: 2014-11-10T00:51:51.457000
CREATE TABLE auth_event(
    id INTEGER PRIMARY KEY AUTOINCREMENT,
    time_stamp TIMESTAMP,
    client_ip CHAR(512),
    user_id INTEGER REFERENCES auth_user (id) ON DELETE CASCADE,
    origin CHAR(512),
    description TEXT
);
success!
timestamp: 2014-11-10T00:51:51.465000
CREATE TABLE auth_cas(
    id INTEGER PRIMARY KEY AUTOINCREMENT,
    user_id INTEGER REFERENCES auth_user (id) ON DELETE CASCADE,
    created_on TIMESTAMP,
    service CHAR(512),
    ticket CHAR(512),
    renew CHAR(1)
);
success!
timestamp: 2014-11-10T00:51:51.478000
CREATE TABLE possessions(
    id INTEGER PRIMARY KEY AUTOINCREMENT,
    user_id INTEGER,
    item_name TEXT,
    notes TEXT,
    quality TEXT,
    return_date DATE,
    picture CHAR(512)
);
success!
timestamp: 2014-11-10T00:51:51.488000
CREATE TABLE friends(
    id INTEGER PRIMARY KEY AUTOINCREMENT,
    user_id INTEGER,
    friend_id INTEGER
);
success!
timestamp: 2014-11-10T23:28:54.841037
CREATE TABLE auth_user(
    id INTEGER PRIMARY KEY AUTOINCREMENT,
    first_name CHAR(128),
    last_name CHAR(128),
    email CHAR(512),
    password CHAR(512),
    registration_key CHAR(512),
    reset_password_key CHAR(512),
    registration_id CHAR(512)
);
success!
timestamp: 2014-11-10T23:28:54.846486
CREATE TABLE auth_group(
    id INTEGER PRIMARY KEY AUTOINCREMENT,
    role CHAR(512),
    description TEXT
);
success!
timestamp: 2014-11-10T23:28:54.848390
CREATE TABLE auth_membership(
    id INTEGER PRIMARY KEY AUTOINCREMENT,
    user_id INTEGER REFERENCES auth_user (id) ON DELETE CASCADE,
    group_id INTEGER REFERENCES auth_group (id) ON DELETE CASCADE
);
success!
timestamp: 2014-11-10T23:28:54.851094
CREATE TABLE auth_permission(
    id INTEGER PRIMARY KEY AUTOINCREMENT,
    group_id INTEGER REFERENCES auth_group (id) ON DELETE CASCADE,
    name CHAR(512),
    table_name CHAR(512),
    record_id INTEGER
);
success!
timestamp: 2014-11-10T23:28:54.854508
CREATE TABLE auth_event(
    id INTEGER PRIMARY KEY AUTOINCREMENT,
    time_stamp TIMESTAMP,
    client_ip CHAR(512),
    user_id INTEGER REFERENCES auth_user (id) ON DELETE CASCADE,
    origin CHAR(512),
    description TEXT
);
success!
timestamp: 2014-11-10T23:28:54.856633
CREATE TABLE auth_cas(
    id INTEGER PRIMARY KEY AUTOINCREMENT,
    user_id INTEGER REFERENCES auth_user (id) ON DELETE CASCADE,
    created_on TIMESTAMP,
    service CHAR(512),
    ticket CHAR(512),
    renew CHAR(1)
);
success!
timestamp: 2014-11-10T23:28:54.859281
CREATE TABLE possessions(
    id INTEGER PRIMARY KEY AUTOINCREMENT,
    user_id INTEGER,
    item_name TEXT,
    notes TEXT,
    quality TEXT,
    return_date DATE,
    picture CHAR(512)
);
success!
timestamp: 2014-11-10T23:28:54.861187
CREATE TABLE friends(
    id INTEGER PRIMARY KEY AUTOINCREMENT,
    user_id INTEGER,
    friend_id INTEGER
);
success!
timestamp: 2014-11-11T21:15:17.173394
CREATE TABLE friend_requests(
    id INTEGER PRIMARY KEY AUTOINCREMENT,
    user_id INTEGER,
    friend_id INTEGER
);
success!
timestamp: 2014-11-11T21:46:36.222220
CREATE TABLE auth_user(
    id INTEGER PRIMARY KEY AUTOINCREMENT,
    first_name CHAR(128),
    last_name CHAR(128),
    email CHAR(512),
    password CHAR(512),
    registration_key CHAR(512),
    reset_password_key CHAR(512),
    registration_id CHAR(512)
);
timestamp: 2014-11-11T21:46:45.951096
CREATE TABLE auth_user(
    id INTEGER PRIMARY KEY AUTOINCREMENT,
    first_name CHAR(128),
    last_name CHAR(128),
    email CHAR(512),
    password CHAR(512),
    registration_key CHAR(512),
    reset_password_key CHAR(512),
    registration_id CHAR(512)
);
timestamp: 2014-11-11T21:47:27.801733
CREATE TABLE auth_user(
    id INTEGER PRIMARY KEY AUTOINCREMENT,
    first_name CHAR(128),
    last_name CHAR(128),
    email CHAR(512),
    password CHAR(512),
    registration_key CHAR(512),
    reset_password_key CHAR(512),
    registration_id CHAR(512)
);
success!
timestamp: 2014-11-11T21:47:27.804221
CREATE TABLE auth_group(
    id INTEGER PRIMARY KEY AUTOINCREMENT,
    role CHAR(512),
    description TEXT
);
success!
timestamp: 2014-11-11T21:47:27.806991
CREATE TABLE auth_membership(
    id INTEGER PRIMARY KEY AUTOINCREMENT,
    user_id INTEGER REFERENCES auth_user (id) ON DELETE CASCADE,
    group_id INTEGER REFERENCES auth_group (id) ON DELETE CASCADE
);
success!
timestamp: 2014-11-11T21:47:27.809301
CREATE TABLE auth_permission(
    id INTEGER PRIMARY KEY AUTOINCREMENT,
    group_id INTEGER REFERENCES auth_group (id) ON DELETE CASCADE,
    name CHAR(512),
    table_name CHAR(512),
    record_id INTEGER
);
success!
timestamp: 2014-11-11T21:47:27.811123
CREATE TABLE auth_event(
    id INTEGER PRIMARY KEY AUTOINCREMENT,
    time_stamp TIMESTAMP,
    client_ip CHAR(512),
    user_id INTEGER REFERENCES auth_user (id) ON DELETE CASCADE,
    origin CHAR(512),
    description TEXT
);
success!
timestamp: 2014-11-11T21:47:27.813340
CREATE TABLE auth_cas(
    id INTEGER PRIMARY KEY AUTOINCREMENT,
    user_id INTEGER REFERENCES auth_user (id) ON DELETE CASCADE,
    created_on TIMESTAMP,
    service CHAR(512),
    ticket CHAR(512),
    renew CHAR(1)
);
success!
timestamp: 2014-11-11T21:47:27.816012
CREATE TABLE possessions(
    id INTEGER PRIMARY KEY AUTOINCREMENT,
    user_id INTEGER,
    item_name TEXT,
    notes TEXT,
    quality TEXT,
    return_date DATE,
    picture CHAR(512)
);
success!
timestamp: 2014-11-11T21:47:27.818209
CREATE TABLE friends(
    id INTEGER PRIMARY KEY AUTOINCREMENT,
    user_id INTEGER,
    friend_id INTEGER
);
success!
timestamp: 2014-11-11T21:47:27.820131
CREATE TABLE friend_requests(
    id INTEGER PRIMARY KEY AUTOINCREMENT,
    user_id INTEGER,
    friend_id INTEGER
);
success!
timestamp: 2014-11-14T13:43:17.048000
CREATE TABLE auth_user(
    id INTEGER PRIMARY KEY AUTOINCREMENT,
    first_name CHAR(128),
    last_name CHAR(128),
    email CHAR(512),
    password CHAR(512),
    registration_key CHAR(512),
    reset_password_key CHAR(512),
    registration_id CHAR(512)
);
success!
timestamp: 2014-11-14T13:43:17.067000
CREATE TABLE auth_group(
    id INTEGER PRIMARY KEY AUTOINCREMENT,
    role CHAR(512),
    description TEXT
);
success!
timestamp: 2014-11-14T13:43:17.074000
CREATE TABLE auth_membership(
    id INTEGER PRIMARY KEY AUTOINCREMENT,
    user_id INTEGER REFERENCES auth_user (id) ON DELETE CASCADE,
    group_id INTEGER REFERENCES auth_group (id) ON DELETE CASCADE
);
success!
timestamp: 2014-11-14T13:43:17.082000
CREATE TABLE auth_permission(
    id INTEGER PRIMARY KEY AUTOINCREMENT,
    group_id INTEGER REFERENCES auth_group (id) ON DELETE CASCADE,
    name CHAR(512),
    table_name CHAR(512),
    record_id INTEGER
);
success!
timestamp: 2014-11-14T13:43:17.102000
CREATE TABLE auth_event(
    id INTEGER PRIMARY KEY AUTOINCREMENT,
    time_stamp TIMESTAMP,
    client_ip CHAR(512),
    user_id INTEGER REFERENCES auth_user (id) ON DELETE CASCADE,
    origin CHAR(512),
    description TEXT
);
success!
timestamp: 2014-11-14T13:43:17.119000
CREATE TABLE auth_cas(
    id INTEGER PRIMARY KEY AUTOINCREMENT,
    user_id INTEGER REFERENCES auth_user (id) ON DELETE CASCADE,
    created_on TIMESTAMP,
    service CHAR(512),
    ticket CHAR(512),
    renew CHAR(1)
);
success!
timestamp: 2014-11-14T13:43:17.134000
CREATE TABLE possessions(
    id INTEGER PRIMARY KEY AUTOINCREMENT,
    user_id INTEGER,
    item_name TEXT,
    notes TEXT,
    quality TEXT,
    return_date DATE,
    picture CHAR(512)
);
success!
timestamp: 2014-11-14T13:43:17.144000
CREATE TABLE friends(
    id INTEGER PRIMARY KEY AUTOINCREMENT,
    user_id INTEGER,
    friend_id INTEGER
);
success!
timestamp: 2014-11-14T13:43:17.153000
CREATE TABLE friend_requests(
    id INTEGER PRIMARY KEY AUTOINCREMENT,
    user_id INTEGER,
    friend_id INTEGER
);
success!
timestamp: 2014-11-15T22:02:36.712000
ALTER TABLE possessions ADD visibility TEXT;
success!
timestamp: 2014-11-15T22:09:50.109000
ALTER TABLE possessions ADD visibility TEXT;
success!
timestamp: 2014-11-17T19:45:53.989000
ALTER TABLE possessions ADD location TEXT;
success!
timestamp: 2014-11-17T23:02:46.696000
CREATE TABLE auth_user(
    id INTEGER PRIMARY KEY AUTOINCREMENT,
    first_name CHAR(128),
    last_name CHAR(128),
    email CHAR(512),
    password CHAR(512),
    registration_key CHAR(512),
    reset_password_key CHAR(512),
    registration_id CHAR(512)
);
success!
timestamp: 2014-11-17T23:02:46.712000
CREATE TABLE auth_group(
    id INTEGER PRIMARY KEY AUTOINCREMENT,
    role CHAR(512),
    description TEXT
);
success!
timestamp: 2014-11-17T23:02:46.720000
CREATE TABLE auth_membership(
    id INTEGER PRIMARY KEY AUTOINCREMENT,
    user_id INTEGER REFERENCES auth_user (id) ON DELETE CASCADE,
    group_id INTEGER REFERENCES auth_group (id) ON DELETE CASCADE
);
success!
timestamp: 2014-11-17T23:02:46.737000
CREATE TABLE auth_permission(
    id INTEGER PRIMARY KEY AUTOINCREMENT,
    group_id INTEGER REFERENCES auth_group (id) ON DELETE CASCADE,
    name CHAR(512),
    table_name CHAR(512),
    record_id INTEGER
);
success!
timestamp: 2014-11-17T23:02:46.753000
CREATE TABLE auth_event(
    id INTEGER PRIMARY KEY AUTOINCREMENT,
    time_stamp TIMESTAMP,
    client_ip CHAR(512),
    user_id INTEGER REFERENCES auth_user (id) ON DELETE CASCADE,
    origin CHAR(512),
    description TEXT
);
success!
timestamp: 2014-11-17T23:02:46.766000
CREATE TABLE auth_cas(
    id INTEGER PRIMARY KEY AUTOINCREMENT,
    user_id INTEGER REFERENCES auth_user (id) ON DELETE CASCADE,
    created_on TIMESTAMP,
    service CHAR(512),
    ticket CHAR(512),
    renew CHAR(1)
);
success!
timestamp: 2014-11-17T23:02:46.774000
CREATE TABLE possessions(
    id INTEGER PRIMARY KEY AUTOINCREMENT,
    user_id INTEGER,
    user_first_name TEXT,
    user_last_name TEXT,
    user_email TEXT,
    item_name TEXT,
    notes TEXT,
    location TEXT,
    quality TEXT,
    visibility TEXT,
    return_date DATE,
    picture CHAR(512)
);
success!
timestamp: 2014-11-17T23:02:46.788000
CREATE TABLE friends(
    id INTEGER PRIMARY KEY AUTOINCREMENT,
    user_id INTEGER,
    friend_id INTEGER
);
success!
timestamp: 2014-11-17T23:02:46.802000
CREATE TABLE friend_requests(
    id INTEGER PRIMARY KEY AUTOINCREMENT,
    user_id INTEGER,
    friend_id INTEGER
);
success!
timestamp: 2014-11-18T13:25:26.326971
CREATE TABLE auth_user(
    id INTEGER PRIMARY KEY AUTOINCREMENT,
    first_name CHAR(128),
    last_name CHAR(128),
    email CHAR(512),
    password CHAR(512),
    registration_key CHAR(512),
    reset_password_key CHAR(512),
    registration_id CHAR(512)
);
timestamp: 2014-11-18T13:25:43.816680
CREATE TABLE auth_user(
    id INTEGER PRIMARY KEY AUTOINCREMENT,
    first_name CHAR(128),
    last_name CHAR(128),
    email CHAR(512),
    password CHAR(512),
    registration_key CHAR(512),
    reset_password_key CHAR(512),
    registration_id CHAR(512)
);
timestamp: 2014-11-18T13:25:44.625539
CREATE TABLE auth_user(
    id INTEGER PRIMARY KEY AUTOINCREMENT,
    first_name CHAR(128),
    last_name CHAR(128),
    email CHAR(512),
    password CHAR(512),
    registration_key CHAR(512),
    reset_password_key CHAR(512),
    registration_id CHAR(512)
);
timestamp: 2014-11-18T13:25:45.579971
CREATE TABLE auth_user(
    id INTEGER PRIMARY KEY AUTOINCREMENT,
    first_name CHAR(128),
    last_name CHAR(128),
    email CHAR(512),
    password CHAR(512),
    registration_key CHAR(512),
    reset_password_key CHAR(512),
    registration_id CHAR(512)
);
timestamp: 2014-11-18T13:25:46.310866
CREATE TABLE auth_user(
    id INTEGER PRIMARY KEY AUTOINCREMENT,
    first_name CHAR(128),
    last_name CHAR(128),
    email CHAR(512),
    password CHAR(512),
    registration_key CHAR(512),
    reset_password_key CHAR(512),
    registration_id CHAR(512)
);
timestamp: 2014-11-18T13:28:18.596560
CREATE TABLE auth_user(
    id INTEGER PRIMARY KEY AUTOINCREMENT,
    first_name CHAR(128),
    last_name CHAR(128),
    email CHAR(512),
    password CHAR(512),
    registration_key CHAR(512),
    reset_password_key CHAR(512),
    registration_id CHAR(512)
);
timestamp: 2014-11-18T13:31:37.205956
CREATE TABLE auth_user(
    id INTEGER PRIMARY KEY AUTOINCREMENT,
    first_name CHAR(128),
    last_name CHAR(128),
    email CHAR(512),
    password CHAR(512),
    registration_key CHAR(512),
    reset_password_key CHAR(512),
    registration_id CHAR(512)
);
success!
timestamp: 2014-11-18T13:31:37.211596
CREATE TABLE auth_group(
    id INTEGER PRIMARY KEY AUTOINCREMENT,
    role CHAR(512),
    description TEXT
);
success!
timestamp: 2014-11-18T13:31:37.213990
CREATE TABLE auth_membership(
    id INTEGER PRIMARY KEY AUTOINCREMENT,
    user_id INTEGER REFERENCES auth_user (id) ON DELETE CASCADE,
    group_id INTEGER REFERENCES auth_group (id) ON DELETE CASCADE
);
success!
timestamp: 2014-11-18T13:31:37.216607
CREATE TABLE auth_permission(
    id INTEGER PRIMARY KEY AUTOINCREMENT,
    group_id INTEGER REFERENCES auth_group (id) ON DELETE CASCADE,
    name CHAR(512),
    table_name CHAR(512),
    record_id INTEGER
);
success!
timestamp: 2014-11-18T13:31:37.219070
CREATE TABLE auth_event(
    id INTEGER PRIMARY KEY AUTOINCREMENT,
    time_stamp TIMESTAMP,
    client_ip CHAR(512),
    user_id INTEGER REFERENCES auth_user (id) ON DELETE CASCADE,
    origin CHAR(512),
    description TEXT
);
success!
timestamp: 2014-11-18T13:31:37.221164
CREATE TABLE auth_cas(
    id INTEGER PRIMARY KEY AUTOINCREMENT,
    user_id INTEGER REFERENCES auth_user (id) ON DELETE CASCADE,
    created_on TIMESTAMP,
    service CHAR(512),
    ticket CHAR(512),
    renew CHAR(1)
);
success!
timestamp: 2014-11-18T13:31:37.224944
CREATE TABLE possessions(
    id INTEGER PRIMARY KEY AUTOINCREMENT,
    user_id INTEGER,
    user_first_name TEXT,
    user_last_name TEXT,
    user_email TEXT,
    item_name TEXT,
    notes TEXT,
    location TEXT,
    quality TEXT,
    visibility TEXT,
    return_date DATE,
    picture CHAR(512)
);
success!
timestamp: 2014-11-18T13:31:37.228974
CREATE TABLE friends(
    id INTEGER PRIMARY KEY AUTOINCREMENT,
    user_id INTEGER,
    friend_id INTEGER
);
success!
timestamp: 2014-11-18T13:31:37.231016
CREATE TABLE friend_requests(
    id INTEGER PRIMARY KEY AUTOINCREMENT,
    user_id INTEGER,
    friend_id INTEGER
);
success!
