[2012-12-01 08:35:16] START
[2012-12-01 08:36:13] EDIT form/models/db.py: 5
[2012-12-01 08:36:35] CREATE default/display_your_form.html: 0
[2012-12-01 08:38:46] EDIT form/views/default/display_your_form.html: 6
[2012-12-01 08:39:25] EDIT form/controllers/default.py: -51
[2012-12-01 08:40:20] EDIT form/models/db.py: 0
[2012-12-01 08:42:21] EDIT form/controllers/default.py: -5
[2012-12-01 08:43:08] EDIT form/controllers/default.py: -46
[2012-12-01 08:43:16] EDIT form/controllers/default.py: 46
[2012-12-01 08:46:02] EDIT form/controllers/default.py: -46
[2012-12-01 08:47:20] EDIT form/views/default/display_your_form.html: -4
[2012-12-01 08:49:09] EDIT form/views/default/display_your_form.html: 9
[2012-12-01 08:54:07] EDIT form/views/default/display_your_form.html: -5
[2012-12-01 09:10:56] EDIT form/views/default/display_your_form.html: 0
[2012-12-04 21:26:29] EDIT form/controllers/default.py: 11
[2012-12-04 21:28:02] EDIT form/controllers/default.py: -5
[2012-12-04 21:53:11] EDIT form/views/default/display_your_form.html: 4
[2012-12-04 21:55:20] EDIT form/views/default/display_your_form.html: 0
[2012-12-04 21:55:47] EDIT form/views/default/display_your_form.html: 0
[2012-12-04 22:00:23] EDIT form/views/default/display_your_form.html: 2
[2012-12-04 22:01:29] EDIT form/views/default/display_your_form.html: 0
[2012-12-05 08:59:45] EDIT form/models/db.py: 0
[2012-12-05 09:00:08] EDIT form/models/db.py: 0
[2012-12-05 09:00:13] EDIT form/models/db.py: 0
[2012-12-05 09:02:58] EDIT form/models/db.py: 0
[2012-12-05 09:05:37] EDIT form/models/db.py: 0
[2012-12-05 09:06:07] EDIT form/models/db.py: 0
[2012-12-05 09:06:10] EDIT form/models/db.py: 0
[2012-12-05 09:16:50] EDIT form/models/db.py: 0
[2012-12-05 09:21:17] EDIT form/controllers/default.py: 0
[2012-12-05 09:22:32] EDIT form/controllers/default.py: 0
[2012-12-05 09:23:58] EDIT form/views/default/display_your_form.html: -6
[2012-12-05 09:25:56] EDIT form/views/default/display_your_form.html: 0
[2012-12-05 09:26:08] EDIT form/models/db.py: 0
[2012-12-05 09:26:31] EDIT form/models/db.py: 0
[2012-12-05 09:26:59] EDIT form/models/db.py: 0
[2012-12-05 09:40:05] EDIT form/views/default/display_your_form.html: 1
[2012-12-05 09:40:53] EDIT form/views/default/display_your_form.html: 0
[2012-12-05 09:41:21] EDIT form/views/default/display_your_form.html: -2
[2012-12-05 09:44:15] EDIT form/views/default/display_your_form.html: 0
[2012-12-05 09:47:27] EDIT form/controllers/default.py: 0
[2012-12-05 09:48:02] EDIT form/controllers/default.py: 0
[2012-12-05 09:51:17] EDIT form/controllers/default.py: 0
[2012-12-05 09:52:00] EDIT form/models/db.py: 0
[2012-12-05 09:52:03] EDIT form/models/db.py: 0
[2012-12-05 10:04:41] EDIT form/models/db.py: 0
[2012-12-05 19:56:06] EDIT form/models/db.py: 0
[2012-12-05 19:57:12] EDIT form/views/default/display_your_form.html: 0
[2012-12-05 19:57:52] EDIT form/controllers/default.py: 0
[2012-12-05 19:58:01] EDIT form/controllers/default.py: 0
[2012-12-05 19:59:14] EDIT form/controllers/default.py: 0
[2012-12-05 20:27:32] EDIT form/models/db.py: 0
[2012-12-05 20:28:11] EDIT form/models/db.py: 0
[2012-12-08 20:15:39] EDIT form/controllers/default.py: 1
[2012-12-08 20:16:04] EDIT form/controllers/default.py: 0
[2012-12-08 20:16:19] EDIT form/controllers/default.py: 0
[2012-12-08 20:16:46] EDIT form/controllers/default.py: 0
[2012-12-08 20:18:47] EDIT form/controllers/default.py: 0
[2012-12-08 20:19:21] EDIT form/controllers/default.py: 0
[2012-12-08 20:20:07] EDIT form/controllers/default.py: -1
[2012-12-08 20:21:09] EDIT form/controllers/default.py: 0
[2012-12-08 20:23:02] EDIT form/controllers/default.py: 0
[2012-12-08 20:24:47] EDIT form/controllers/default.py: 1
[2012-12-08 20:25:34] EDIT form/controllers/default.py: 0
[2012-12-08 20:25:55] EDIT form/controllers/default.py: 0
[2012-12-08 20:28:42] EDIT form/controllers/default.py: 0
[2012-12-08 20:29:25] EDIT form/controllers/default.py: 0
[2012-12-08 20:39:25] EDIT form/controllers/default.py: 0
[2012-12-08 20:40:10] EDIT form/controllers/default.py: 0
[2012-12-08 21:07:48] EDIT form/models/db.py: 0
[2012-12-08 21:13:21] EDIT form/models/db.py: 0
[2012-12-08 21:19:30] EDIT form/models/db.py: 0
[2012-12-08 21:21:37] EDIT form/controllers/default.py: 3
[2012-12-08 21:49:33] EDIT form/models/db.py: 0
[2012-12-08 21:49:47] EDIT form/models/db.py: 0
[2012-12-08 21:50:36] EDIT form/models/db.py: 0
[2012-12-08 21:51:58] EDIT form/models/db.py: 0
[2012-12-08 21:53:31] EDIT form/models/db.py: 0
[2012-12-08 21:55:06] EDIT form/models/db.py: 1
[2012-12-08 21:55:22] EDIT form/models/db.py: -1
[2012-12-08 21:59:52] EDIT form/models/db.py: 0
[2012-12-08 22:00:36] EDIT form/models/db.py: 2
[2012-12-08 22:13:08] EDIT form/controllers/default.py: 0
[2012-12-08 22:30:07] EDIT form/models/db.py: 1
[2012-12-08 22:56:47] EDIT form/models/db.py: -1
[2012-12-09 08:38:07] EDIT form/controllers/default.py: 0
[2012-12-09 08:44:26] EDIT form/controllers/default.py: 0
[2012-12-09 08:45:31] EDIT form/controllers/default.py: 0
[2012-12-09 08:47:02] EDIT form/controllers/default.py: 0
[2012-12-09 08:48:30] EDIT form/models/db.py: 0
[2012-12-09 22:04:58] EDIT form/static/css/bootstrap.min.css: 862
[2012-12-09 22:05:16] EDIT form/static/css/bootstrap.min.css: 0
[2012-12-09 22:06:48] EDIT form/models/menu.py: 2
[2012-12-09 22:07:19] EDIT form/models/menu.py: 2
[2012-12-09 22:07:29] EDIT form/models/menu.py: 0
[2012-12-09 22:07:47] EDIT form/models/menu.py: 2
[2012-12-09 22:08:09] EDIT form/models/menu.py: -6
[2012-12-09 22:08:52] EDIT form/views/default/display_your_form.html: -1
[2012-12-09 22:08:59] EDIT form/views/default/display_your_form.html: 1
[2012-12-09 22:10:09] EDIT form/views/layout.html: 22
[2012-12-09 22:10:40] EDIT form/views/layout.html: -22
[2012-12-09 22:11:29] EDIT form/views/layout.html: -22
[2012-12-09 22:12:18] EDIT form/views/layout.html: 22
[2012-12-09 22:29:20] EDIT form/views/default/display_your_form.html: 0
[2012-12-09 22:31:13] EDIT form/views/default/display_your_form.html: 0
[2012-12-09 22:31:36] EDIT form/views/default/display_your_form.html: -2
[2012-12-09 22:32:16] EDIT form/views/plugin_layouts/layouts/KeepitSimple.html: -10
[2012-12-09 22:32:45] EDIT form/views/plugin_layouts/layouts/KeepitSimple.html: -6
[2012-12-09 22:33:40] EDIT form/views/plugin_layouts/layouts/KeepitSimple.html: 6
[2012-12-09 22:33:56] EDIT form/views/plugin_layouts/layouts/KeepitSimple.html: -3
[2012-12-09 22:34:04] EDIT form/views/plugin_layouts/layouts/KeepitSimple.html: 2
[2012-12-09 22:34:27] EDIT form/views/plugin_layouts/layouts/KeepitSimple.html: -1
[2012-12-09 22:55:24] DELETE form/views/plugin_layouts/layouts/KeepitSimple.html: -43
[2012-12-09 22:55:28] DELETE form/views/plugin_layouts/layouts/Whitelight.html: -142
[2012-12-09 23:01:21] EDIT form/views/default/display_your_form.html: 0
[2012-12-09 23:01:27] EDIT form/views/default/display_your_form.html: 0
[2012-12-09 23:01:54] EDIT form/views/default/display_your_form.html: 0
[2012-12-09 23:02:58] EDIT form/views/default/display_your_form.html: 0
[2012-12-09 23:12:35] EDIT form/views/default/display_your_form.html: -4
[2012-12-09 23:13:22] EDIT form/views/default/display_your_form.html: -4
[2012-12-09 23:14:14] EDIT form/views/default/display_your_form.html: -2
[2012-12-10 07:48:34] EDIT form/views/plugin_layouts/layouts/KeepitSimple.html: 0
[2012-12-10 07:48:52] EDIT form/views/plugin_layouts/layouts/KeepitSimple.html: -1
[2012-12-10 07:49:53] EDIT form/views/plugin_layouts/layouts/KeepitSimple.html: -1
[2012-12-10 07:50:46] EDIT form/views/plugin_layouts/layouts/KeepitSimple.html: -10
[2012-12-10 07:54:36] EDIT form/views/plugin_layouts/layouts/KeepitSimple.html: 0
[2012-12-10 07:59:47] EDIT form/static/css/bootstrap.min.css: 111
[2012-12-10 07:59:54] EDIT form/static/css/bootstrap.min.css: 0
[2012-12-10 08:01:04] EDIT form/static/plugin_layouts/superfish.css: 848
[2012-12-10 08:02:10] EDIT form/views/plugin_layouts/layouts/KeepitSimple.html: 0
[2012-12-10 08:02:17] EDIT form/views/plugin_layouts/layouts/KeepitSimple.html: 0
[2012-12-10 08:03:02] EDIT form/static/plugin_layouts/superfish.css: 0
[2012-12-10 08:05:23] EDIT form/views/plugin_layouts/layouts/KeepitSimple.html: 0
[2012-12-10 08:05:32] EDIT form/views/plugin_layouts/layouts/KeepitSimple.html: 0
[2012-12-10 08:06:38] EDIT form/views/plugin_layouts/layouts/KeepitSimple.html: 0
[2012-12-10 08:06:47] EDIT form/views/plugin_layouts/layouts/KeepitSimple.html: 0
[2012-12-10 08:06:54] EDIT form/views/plugin_layouts/layouts/KeepitSimple.html: 0
[2012-12-10 08:09:55] EDIT form/views/plugin_layouts/layouts/KeepitSimple.html: 2
[2012-12-10 08:10:20] EDIT form/views/plugin_layouts/layouts/KeepitSimple.html: -1
[2012-12-10 08:11:14] EDIT form/static/css/bootstrap.min.css: 0
[2012-12-10 08:12:02] EDIT form/static/css/bootstrap.min.css: 879
[2012-12-10 08:12:40] EDIT form/static/css/bootstrap.min.css: -981
[2012-12-10 08:13:26] EDIT form/static/css/bootstrap.min.css: 64
[2012-12-10 08:16:22] EDIT form/views/plugin_layouts/layouts/KeepitSimple.html: 2
[2012-12-10 08:17:51] EDIT form/views/plugin_layouts/layouts/KeepitSimple.html: -1
[2012-12-10 08:18:16] EDIT form/views/plugin_layouts/layouts/KeepitSimple.html: 1
[2012-12-10 11:46:11] EDIT form/models/db.py: 0
[2012-12-10 11:46:40] EDIT form/models/db.py: 0
[2014-10-15 08:32:32] EDIT Exercise6/controllers/default.py: -46
[2014-10-15 08:32:34] EDIT Exercise6/controllers/default.py: 0
[2014-10-15 08:45:18] EDIT Exercise6/views/plugin_layouts/layouts/KeepitSimple.html: 0
[2014-10-15 08:45:42] EDIT Exercise6/views/plugin_layouts/layouts/KeepitSimple.html: 0
[2014-10-15 08:46:50] EDIT Exercise6/views/plugin_layouts/layouts/KeepitSimple.html: -3
[2014-10-25 07:35:24] DELETE Exercise7/languages/zh.py: -230
[2014-10-25 07:35:27] DELETE Exercise7/languages/sk.py: -170
[2014-10-25 07:35:29] DELETE Exercise7/languages/ro.py: -372
[2014-10-25 07:35:32] DELETE Exercise7/languages/pt-br.py: -169
[2014-10-25 07:35:34] DELETE Exercise7/languages/pt.py: -183
[2014-10-25 07:35:36] DELETE Exercise7/languages/pl.py: -170
[2014-10-25 07:35:38] DELETE Exercise7/languages/nl.py: -375
[2014-10-25 07:35:40] DELETE Exercise7/languages/it.py: -238
[2014-10-25 07:35:42] DELETE Exercise7/languages/hu.py: -161
[2014-10-25 07:35:44] DELETE Exercise7/languages/hi.py: -148
[2014-10-25 07:35:46] DELETE Exercise7/languages/fr-ca.py: -194
[2014-10-25 07:35:48] DELETE Exercise7/languages/fr.py: -184
[2014-10-25 07:35:50] DELETE Exercise7/languages/es.py: -317
[2014-10-25 07:35:51] DELETE Exercise7/languages/cs.py: -188
[2014-10-25 07:41:28] DELETE Exercise7/controllers/appadmin.py: -365
[2014-10-25 07:41:32] DELETE Exercise7/views/default/index.html: -32
[2014-10-25 07:41:37] DELETE Exercise7/views/default/user.html: -23
[2014-10-25 07:41:58] CREATE default/main.html: 0
[2014-10-25 07:42:02] DELETE Exercise7/views/default/display_your_form.html: -4
[2014-10-25 07:42:07] EDIT Exercise7/views/default/main.html: 1
[2014-10-25 07:42:21] EDIT Exercise7/controllers/default.py: 0
[2014-10-25 07:43:46] EDIT Exercise7/views/plugin_layouts/layouts/KeepitSimple.html: 0
[2014-10-25 07:43:51] EDIT Exercise7/views/plugin_layouts/layouts/KeepitSimple.html: 0
[2014-10-25 07:44:32] EDIT Exercise7/views/plugin_layouts/layouts/KeepitSimple.html: 0
[2014-10-25 07:51:17] DELETE Exercise7/views/appadmin.html: -212
[2014-10-25 07:52:15] EDIT Exercise7/views/default/main.html: 0
[2014-10-25 07:52:43] EDIT Exercise7/models/db.py: 1
[2014-10-25 07:52:45] EDIT Exercise7/models/db.py: 0
[2014-10-25 07:53:56] CREATE default/all_records.html: 0
[2014-10-25 07:54:30] EDIT Exercise7/views/default/all_records.html: 1
[2014-10-25 07:54:35] EDIT Exercise7/views/default/all_records.html: 0
[2014-10-25 07:54:45] EDIT Exercise7/views/default/all_records.html: -1
[2014-10-25 07:55:15] EDIT Exercise7/controllers/default.py: -1
[2014-10-25 07:55:21] EDIT Exercise7/controllers/default.py: 1
[2014-10-25 07:55:41] DELETE Exercise7/views/default/all_records.html: -3
[2014-10-25 07:56:31] EDIT Exercise7/views/default/main.html: 1
[2014-10-25 07:56:57] EDIT Exercise7/views/default/main.html: 6
[2014-10-25 07:57:03] EDIT Exercise7/views/default/main.html: 2
[2014-10-25 07:57:28] EDIT Exercise7/views/default/main.html: 0
[2014-10-25 07:57:59] EDIT Exercise7/views/default/main.html: 0
[2014-10-25 07:58:48] EDIT Exercise7/controllers/default.py: 0
[2014-10-25 07:58:49] EDIT Exercise7/controllers/default.py: 0
[2014-10-25 07:59:11] EDIT Exercise7/controllers/default.py: 0
[2014-10-25 07:59:40] CREATE default/all_records.html: 0
[2014-10-25 07:59:50] EDIT Exercise7/views/default/all_records.html: 10
[2014-10-25 08:00:07] EDIT Exercise7/views/default/all_records.html: 0
[2014-10-25 08:00:16] EDIT Exercise7/views/default/all_records.html: 0
[2014-10-25 08:00:48] EDIT Exercise7/views/default/all_records.html: -1
[2014-10-25 08:02:20] DELETE Exercise7/views/default/all_records.html: -12
[2014-10-25 08:02:33] CREATE default/all_records.html: 0
[2014-10-25 08:03:01] EDIT Exercise7/views/default/all_records.html: 9
[2014-10-25 08:03:06] EDIT Exercise7/views/default/all_records.html: -11
[2014-10-25 08:03:10] EDIT Exercise7/views/default/all_records.html: 11
[2014-10-25 08:03:28] EDIT Exercise7/views/default/all_records.html: 0
[2014-10-25 08:03:34] EDIT Exercise7/views/default/all_records.html: -11
[2014-10-25 08:06:57] DELETE Exercise7/views/default/main.html: -13
[2014-10-25 08:07:11] EDIT Exercise7/controllers/default.py: -10
[2014-10-25 08:09:57] EDIT Exercise7/controllers/default.py: 0
[2014-10-25 08:10:02] EDIT Exercise7/controllers/default.py: 0
[2014-10-25 08:11:26] EDIT Exercise7/controllers/default.py: 0
[2014-10-25 08:11:41] EDIT Exercise7/controllers/default.py: 0
[2014-10-25 08:13:29] EDIT Exercise7/controllers/default.py: 0
[2014-10-25 08:13:33] EDIT Exercise7/controllers/default.py: 0
[2014-10-25 08:15:03] EDIT Exercise7/controllers/default.py: 0
[2014-10-25 08:15:04] EDIT Exercise7/controllers/default.py: 0
[2014-10-25 08:15:49] EDIT Exercise7/controllers/default.py: 8
[2014-10-25 08:16:23] EDIT Exercise7/controllers/default.py: 3
[2014-10-25 08:16:26] EDIT Exercise7/controllers/default.py: 0
[2014-10-25 08:16:31] EDIT Exercise7/controllers/default.py: 0
[2014-10-25 08:16:44] EDIT Exercise7/controllers/default.py: 1
[2014-10-25 08:16:58] EDIT Exercise7/controllers/default.py: 0
[2014-10-25 08:19:39] EDIT Exercise7/controllers/default.py: -8
[2014-10-25 08:20:13] EDIT Exercise7/controllers/default.py: 8
[2014-10-25 08:20:20] EDIT Exercise7/controllers/default.py: 0
[2014-10-25 08:22:18] EDIT Exercise7/controllers/default.py: -8
[2014-10-25 08:22:25] EDIT Exercise7/controllers/default.py: 0
[2014-10-25 08:22:33] EDIT Exercise7/controllers/default.py: 0
[2014-10-25 08:22:37] EDIT Exercise7/controllers/default.py: 0
[2014-10-25 08:22:48] EDIT Exercise7/controllers/default.py: 8
[2014-10-25 08:23:01] EDIT Exercise7/controllers/default.py: 0
[2014-10-25 08:25:29] EDIT Exercise7/controllers/default.py: 0
[2014-10-25 08:25:58] EDIT Exercise7/views/default/all_records.html: 1
[2014-10-25 08:26:11] EDIT Exercise7/views/default/all_records.html: 0
[2014-10-25 08:26:31] EDIT Exercise7/views/plugin_layouts/layouts/KeepitSimple.html: -3
[2014-10-25 08:26:36] EDIT Exercise7/views/plugin_layouts/layouts/KeepitSimple.html: 3
[2014-10-25 08:27:06] EDIT Exercise7/views/plugin_layouts/layouts/KeepitSimple.html: -1
[2014-10-25 08:27:10] EDIT Exercise7/views/plugin_layouts/layouts/KeepitSimple.html: 1
[2014-10-25 08:27:20] EDIT Exercise7/views/plugin_layouts/layouts/KeepitSimple.html: -8
[2014-10-25 08:27:29] EDIT Exercise7/views/plugin_layouts/layouts/KeepitSimple.html: 8
[2014-10-25 08:30:33] DELETE Exercise7/views/plugin_layouts/layouts/KeepitSimple.html: -43
[2014-10-25 08:30:49] EDIT Exercise7/views/default/all_records.html: 0
[2014-10-25 08:33:29] EDIT Exercise7/views/default/all_records.html: 0
[2014-10-25 08:33:37] EDIT Exercise7/views/default/all_records.html: 0
[2014-10-25 08:33:46] EDIT Exercise7/views/default/all_records.html: 0
[2014-10-25 08:33:56] EDIT Exercise7/views/default/all_records.html: 0
[2014-10-25 08:34:07] EDIT Exercise7/views/default/all_records.html: 0
[2014-10-25 08:34:22] EDIT Exercise7/views/default/all_records.html: 0
[2014-10-25 08:34:39] EDIT Exercise7/views/default/all_records.html: 0
[2014-10-25 08:34:51] EDIT Exercise7/views/default/all_records.html: -1
[2014-10-25 08:35:18] EDIT Exercise7/views/default/all_records.html: 3
[2014-10-25 08:36:19] CREATE default/contact_manager.html: 0
[2014-10-25 08:36:23] EDIT Exercise7/views/default/contact_manager.html: 1
[2014-10-25 08:36:29] DELETE Exercise7/views/default/all_records.html: -4
[2014-10-25 08:36:39] EDIT Exercise7/controllers/default.py: 0
[2014-10-25 08:36:53] EDIT Exercise7/controllers/default.py: 0
[2014-10-30 22:21:05] EDIT Exercise9/controllers/default.py: 7
[2014-10-30 22:31:20] EDIT Exercise9/controllers/default.py: 4
[2014-10-30 22:43:32] EDIT Exercise9/controllers/default.py: -1
[2014-10-30 22:44:14] EDIT Exercise9/controllers/default.py: -1
[2014-10-30 22:48:11] EDIT Exercise9/controllers/default.py: 3
[2014-10-30 22:48:57] EDIT Exercise9/controllers/default.py: 0
[2014-10-30 22:49:08] EDIT Exercise9/controllers/default.py: 0
[2014-10-30 22:52:08] EDIT Exercise9/controllers/default.py: 2
[2014-10-30 23:07:42] EDIT Exercise9/controllers/default.py: -3
[2014-10-30 23:08:30] EDIT Exercise9/controllers/default.py: 1
[2014-10-30 23:12:27] EDIT Exercise9/controllers/default.py: 1
[2014-10-30 23:13:02] EDIT Exercise9/controllers/default.py: 1
[2014-10-30 23:13:26] EDIT Exercise9/controllers/default.py: 0
[2014-10-30 23:13:27] EDIT Exercise9/controllers/default.py: 0
[2014-10-30 23:13:34] EDIT Exercise9/controllers/default.py: 0
[2014-10-30 23:15:31] EDIT Exercise9/controllers/default.py: 0
[2014-10-30 23:16:36] EDIT Exercise9/controllers/default.py: 0
[2014-10-30 23:16:58] EDIT Exercise9/controllers/default.py: 0
[2014-10-30 23:18:44] EDIT Exercise9/controllers/default.py: 0
[2014-10-30 23:18:58] EDIT Exercise9/controllers/default.py: 0
[2014-10-30 23:19:03] EDIT Exercise9/controllers/default.py: 0
[2014-10-30 23:19:30] EDIT Exercise9/controllers/default.py: -1
[2014-10-30 23:20:53] EDIT Exercise9/controllers/default.py: 0
[2014-10-30 23:22:41] EDIT Exercise9/controllers/default.py: 0
[2014-10-30 23:22:43] EDIT Exercise9/controllers/default.py: -1
[2014-10-30 23:23:00] EDIT Exercise9/controllers/default.py: 1
[2014-10-30 23:23:01] EDIT Exercise9/controllers/default.py: 0
[2014-10-30 23:23:28] EDIT Exercise9/controllers/default.py: 6
[2014-10-30 23:25:13] EDIT Exercise9/controllers/default.py: -6
[2014-10-30 23:25:29] EDIT Exercise9/controllers/default.py: 0
[2014-10-30 23:34:08] EDIT Exercise9/controllers/default.py: 6
[2014-10-30 23:34:16] EDIT Exercise9/controllers/default.py: 1
[2014-10-30 23:34:20] EDIT Exercise9/controllers/default.py: 0
[2014-10-30 23:36:39] EDIT Exercise9/controllers/default.py: 0
[2014-10-30 23:36:40] EDIT Exercise9/controllers/default.py: 0
[2014-10-30 23:36:44] EDIT Exercise9/controllers/default.py: 0
[2014-10-30 23:37:56] EDIT Exercise9/controllers/default.py: 0
[2014-10-30 23:45:15] EDIT Exercise9/controllers/default.py: 0
[2014-10-30 23:45:22] EDIT Exercise9/controllers/default.py: 0
[2014-10-30 23:47:29] EDIT Exercise9/controllers/default.py: 0
[2014-10-30 23:47:33] EDIT Exercise9/controllers/default.py: 0
[2014-10-30 23:47:36] EDIT Exercise9/controllers/default.py: 0
[2014-10-30 23:47:40] EDIT Exercise9/controllers/default.py: 0
[2014-10-30 23:47:44] EDIT Exercise9/controllers/default.py: 0
[2014-10-30 23:47:47] EDIT Exercise9/controllers/default.py: 0
[2014-10-30 23:47:56] EDIT Exercise9/controllers/default.py: -2
[2014-10-30 23:48:20] EDIT Exercise9/controllers/default.py: 0
[2014-10-30 23:49:51] EDIT Exercise9/controllers/default.py: 0
[2014-10-30 23:49:53] EDIT Exercise9/controllers/default.py: 0
[2014-10-30 23:52:05] EDIT Exercise9/controllers/default.py: -4
[2014-10-31 00:04:52] EDIT Exercise9/controllers/default.py: 0
[2014-10-31 00:08:51] EDIT Exercise9/controllers/default.py: 0
[2014-10-31 00:10:58] EDIT Exercise9/controllers/default.py: 0
[2014-10-31 00:11:44] EDIT Exercise9/controllers/default.py: 0
[2014-10-31 00:11:57] EDIT Exercise9/controllers/default.py: 0
[2014-10-31 00:12:14] EDIT Exercise9/controllers/default.py: 0
[2014-10-31 00:12:28] EDIT Exercise9/controllers/default.py: 0
[2014-10-31 00:13:20] EDIT Exercise9/controllers/default.py: 0
[2014-10-31 00:13:34] EDIT Exercise9/controllers/default.py: 0
[2014-10-31 00:13:42] EDIT Exercise9/controllers/default.py: 0
[2014-10-31 00:14:21] EDIT Exercise9/controllers/default.py: 0
[2014-10-31 00:17:37] EDIT Exercise9/controllers/default.py: 2
[2014-10-31 00:17:53] EDIT Exercise9/controllers/default.py: -2
[2014-10-31 00:23:16] EDIT Exercise9/controllers/default.py: 0
[2014-10-31 00:50:32] EDIT Exercise9/controllers/default.py: 0
[2014-10-31 00:50:41] EDIT Exercise9/controllers/default.py: 0
[2014-10-31 00:50:47] EDIT Exercise9/controllers/default.py: 0
[2014-10-31 00:50:51] EDIT Exercise9/controllers/default.py: 0
[2014-10-31 00:50:59] EDIT Exercise9/controllers/default.py: 0
[2014-10-31 00:51:17] EDIT Exercise9/controllers/default.py: 0
[2014-10-31 00:52:14] EDIT Exercise9/controllers/default.py: 0
[2014-10-31 00:52:33] EDIT Exercise9/controllers/default.py: 0
[2014-10-31 00:52:36] EDIT Exercise9/controllers/default.py: 0
[2014-10-31 00:54:43] EDIT Exercise9/controllers/default.py: 0
[2014-10-31 00:55:54] EDIT Exercise9/controllers/default.py: 2
[2014-10-31 00:56:59] EDIT Exercise9/controllers/default.py: 2
[2014-10-31 00:57:00] EDIT Exercise9/controllers/default.py: 0
[2014-10-31 00:57:05] EDIT Exercise9/controllers/default.py: 0
[2014-10-31 00:57:10] EDIT Exercise9/controllers/default.py: 0
[2014-10-31 00:57:12] EDIT Exercise9/controllers/default.py: 0
[2014-10-31 00:57:21] EDIT Exercise9/controllers/default.py: 0
[2014-10-31 01:05:27] EDIT Exercise9/controllers/default.py: -2
[2014-10-31 01:05:36] EDIT Exercise9/controllers/default.py: 1
[2014-10-31 01:06:10] EDIT Exercise9/controllers/default.py: 1
[2014-10-31 01:08:05] EDIT Exercise9/controllers/default.py: 0
[2014-10-31 01:08:13] EDIT Exercise9/controllers/default.py: 0
[2014-10-31 01:08:53] EDIT Exercise9/controllers/default.py: 0
[2014-10-31 02:17:08] EDIT Exercise9/controllers/default.py: 4
[2014-10-31 02:17:12] EDIT Exercise9/controllers/default.py: 0
[2014-10-31 02:18:33] EDIT Exercise9/controllers/default.py: 1
[2014-10-31 02:19:34] EDIT Exercise9/controllers/default.py: -1
[2014-10-31 02:19:39] EDIT Exercise9/controllers/default.py: 0
[2014-10-31 02:19:56] EDIT Exercise9/controllers/default.py: -1
[2014-10-31 02:19:59] EDIT Exercise9/controllers/default.py: 1
[2014-10-31 02:20:42] EDIT Exercise9/controllers/default.py: 0
[2014-10-31 02:20:52] EDIT Exercise9/controllers/default.py: 0
[2014-10-31 02:22:29] EDIT Exercise9/controllers/default.py: 1
[2014-10-31 02:22:38] EDIT Exercise9/controllers/default.py: 0
[2014-10-31 02:22:43] EDIT Exercise9/controllers/default.py: 0
[2014-10-31 02:22:51] EDIT Exercise9/controllers/default.py: -1
[2014-10-31 02:22:52] EDIT Exercise9/controllers/default.py: 0
[2014-10-31 02:23:38] EDIT Exercise9/controllers/default.py: -4
[2014-10-31 05:31:32] EDIT Exercise9/controllers/default.py: 0
[2014-10-31 05:32:03] EDIT Exercise9/controllers/default.py: -1
[2014-10-31 05:32:08] EDIT Exercise9/controllers/default.py: 1
[2014-10-31 05:32:10] EDIT Exercise9/controllers/default.py: 0
[2014-10-31 05:48:24] EDIT Exercise9/controllers/default.py: 0
[2014-10-31 06:31:40] EDIT Exercise9/controllers/default.py: 0
[2014-10-31 06:41:23] EDIT Exercise9/controllers/default.py: 5
[2014-10-31 06:41:29] EDIT Exercise9/controllers/default.py: 0
[2014-10-31 06:41:34] EDIT Exercise9/controllers/default.py: 0
[2014-10-31 06:43:51] EDIT Exercise9/controllers/default.py: -5
[2014-10-31 06:43:53] EDIT Exercise9/controllers/default.py: 0
[2014-10-31 18:45:18] EDIT Exercise9/controllers/default.py: 4
[2014-10-31 18:46:06] EDIT Exercise9/controllers/default.py: 0
[2014-10-31 18:46:55] EDIT Exercise9/controllers/default.py: 0
[2014-10-31 18:51:11] EDIT Exercise9/controllers/default.py: 0
[2014-10-31 18:52:23] EDIT Exercise9/controllers/default.py: 0
[2014-10-31 18:53:27] EDIT Exercise9/controllers/default.py: 0
[2014-10-31 18:54:20] EDIT Exercise9/controllers/default.py: -4
[2014-10-31 19:11:48] EDIT Exercise9/controllers/default.py: 1
[2014-10-31 19:11:55] EDIT Exercise9/controllers/default.py: -1
[2014-11-01 05:32:45] EDIT Exercise9/controllers/default.py: 1
[2014-11-01 05:33:01] EDIT Exercise9/controllers/default.py: 1
[2014-11-01 05:33:04] EDIT Exercise9/controllers/default.py: 0
[2014-11-01 05:33:05] EDIT Exercise9/controllers/default.py: 0
[2014-11-01 05:33:10] EDIT Exercise9/controllers/default.py: 0
[2014-11-01 05:33:19] EDIT Exercise9/controllers/default.py: -1
[2014-11-01 05:34:09] EDIT Exercise9/controllers/default.py: -1
[2014-11-01 05:34:10] EDIT Exercise9/controllers/default.py: 0
[2014-11-01 05:34:38] EDIT Exercise9/controllers/default.py: 0
[2014-11-01 05:37:08] EDIT Exercise9/controllers/default.py: 2
[2014-11-01 05:37:47] EDIT Exercise9/controllers/default.py: -2
[2014-11-01 05:49:55] EDIT Exercise9/controllers/default.py: 2
[2014-11-01 05:50:19] EDIT Exercise9/controllers/default.py: 0
[2014-11-01 05:50:31] EDIT Exercise9/controllers/default.py: 0
[2014-11-01 05:51:56] EDIT Exercise9/controllers/default.py: 0
[2014-11-01 05:52:05] EDIT Exercise9/controllers/default.py: 0
[2014-11-01 05:53:39] EDIT Exercise9/controllers/default.py: -1
[2014-11-01 05:53:43] EDIT Exercise9/controllers/default.py: 0
[2014-11-01 05:53:44] EDIT Exercise9/controllers/default.py: 0
[2014-11-01 05:53:49] EDIT Exercise9/controllers/default.py: 0
[2014-11-01 05:54:12] EDIT Exercise9/controllers/default.py: 0
[2014-11-01 05:54:20] EDIT Exercise9/controllers/default.py: 0
[2014-11-01 05:54:32] EDIT Exercise9/controllers/default.py: -1
[2014-11-01 05:54:34] EDIT Exercise9/controllers/default.py: 0
[2014-11-01 05:54:36] EDIT Exercise9/controllers/default.py: 0
[2014-11-01 05:54:40] EDIT Exercise9/controllers/default.py: 0
[2014-11-01 05:54:58] EDIT Exercise9/controllers/default.py: 0
[2014-11-01 05:54:59] EDIT Exercise9/controllers/default.py: 0
[2014-11-01 05:55:27] EDIT Exercise9/controllers/default.py: 0
[2014-11-01 05:55:30] EDIT Exercise9/controllers/default.py: 0
[2014-11-01 05:55:39] EDIT Exercise9/controllers/default.py: 0
[2014-11-01 05:56:49] EDIT Exercise9/controllers/default.py: 1
[2014-11-01 05:56:53] EDIT Exercise9/controllers/default.py: -1
[2014-11-01 05:56:57] EDIT Exercise9/controllers/default.py: 1
[2014-11-01 05:57:01] EDIT Exercise9/controllers/default.py: 0
[2014-11-01 05:57:04] EDIT Exercise9/controllers/default.py: -1
[2014-11-01 06:03:58] EDIT Exercise9/controllers/default.py: 0
[2014-11-01 06:04:07] EDIT Exercise9/controllers/default.py: 1
[2014-11-01 06:04:37] EDIT Exercise9/controllers/default.py: 0
[2014-11-01 06:06:23] EDIT Exercise9/controllers/default.py: 3
[2014-11-01 06:06:26] EDIT Exercise9/controllers/default.py: 0
[2014-11-01 06:06:35] EDIT Exercise9/controllers/default.py: 0
[2014-11-01 06:07:11] EDIT Exercise9/controllers/default.py: 0
[2014-11-01 06:07:30] EDIT Exercise9/controllers/default.py: 0
[2014-11-01 06:07:39] EDIT Exercise9/controllers/default.py: 0
[2014-11-01 06:07:47] EDIT Exercise9/controllers/default.py: 0
[2014-11-01 06:08:17] EDIT Exercise9/controllers/default.py: 1
[2014-11-01 06:08:18] EDIT Exercise9/controllers/default.py: 0
[2014-11-01 06:09:37] EDIT Exercise9/controllers/default.py: -3
[2014-11-01 06:09:55] EDIT Exercise9/controllers/default.py: -4
[2014-11-01 06:10:07] EDIT Exercise9/controllers/default.py: 0
[2014-11-01 06:10:11] EDIT Exercise9/controllers/default.py: 0
[2014-11-01 06:10:13] EDIT Exercise9/controllers/default.py: 0
[2014-11-01 06:48:07] EDIT Exercise9/controllers/default.py: 1
[2014-11-01 06:48:17] EDIT Exercise9/controllers/default.py: -1
[2014-11-01 06:48:32] EDIT Exercise9/controllers/default.py: 1
[2014-11-01 06:48:48] EDIT Exercise9/controllers/default.py: 1
[2014-11-01 06:49:58] EDIT Exercise9/controllers/default.py: 2
[2014-11-01 06:50:01] EDIT Exercise9/controllers/default.py: 0
[2014-11-01 06:50:02] EDIT Exercise9/controllers/default.py: 0
[2014-11-01 06:50:10] EDIT Exercise9/controllers/default.py: 0
[2014-11-01 06:51:06] EDIT Exercise9/controllers/default.py: 3
[2014-11-01 06:51:12] EDIT Exercise9/controllers/default.py: -1
[2014-11-01 06:51:16] EDIT Exercise9/controllers/default.py: 0
[2014-11-01 06:51:22] EDIT Exercise9/controllers/default.py: 1
[2014-11-01 06:51:35] EDIT Exercise9/controllers/default.py: -2
[2014-11-01 06:52:32] EDIT Exercise9/controllers/default.py: -3
[2014-11-01 06:52:56] EDIT Exercise9/controllers/default.py: 1
[2014-11-01 06:53:05] EDIT Exercise9/controllers/default.py: 0
[2014-11-01 06:54:24] EDIT Exercise9/controllers/default.py: 0
[2014-11-01 06:54:34] EDIT Exercise9/controllers/default.py: 0
[2014-11-01 06:54:40] EDIT Exercise9/controllers/default.py: 0
[2014-11-01 06:54:47] EDIT Exercise9/controllers/default.py: 1
[2014-11-01 06:54:53] EDIT Exercise9/controllers/default.py: 0
[2014-11-01 06:54:54] EDIT Exercise9/controllers/default.py: 0
[2014-11-01 06:56:25] EDIT Exercise9/controllers/default.py: 0
[2014-11-01 06:56:32] EDIT Exercise9/controllers/default.py: 0
[2014-11-01 06:57:21] EDIT Exercise9/controllers/default.py: 1
[2014-11-01 06:57:28] EDIT Exercise9/controllers/default.py: 0
[2014-11-01 06:58:38] EDIT Exercise9/controllers/default.py: -1
[2014-11-01 06:58:47] EDIT Exercise9/controllers/default.py: 1
[2014-11-01 06:58:47] EDIT Exercise9/controllers/default.py: 0
[2014-11-01 06:58:48] EDIT Exercise9/controllers/default.py: 0
[2014-11-01 07:00:15] EDIT Exercise9/controllers/default.py: -2
[2014-11-01 07:02:06] EDIT Exercise9/controllers/default.py: 0
[2014-11-01 07:03:38] EDIT Exercise9/controllers/default.py: 0
[2014-11-01 07:03:45] EDIT Exercise9/controllers/default.py: 0
[2014-11-01 07:03:52] EDIT Exercise9/controllers/default.py: 0
[2014-11-01 07:22:42] EDIT Exercise9/controllers/default.py: -3
[2014-11-03 01:42:22] EDIT MySQLTest/models/db.py: -3
[2014-11-03 01:42:41] EDIT MySQLTest/models/db.py: 0
[2014-11-03 01:42:47] EDIT MySQLTest/models/db.py: 0
[2014-11-03 01:42:58] EDIT MySQLTest/models/db.py: 0
[2014-11-03 01:43:06] EDIT MySQLTest/controllers/default.py: -16
[2014-11-03 01:43:32] EDIT MySQLTest/models/db.py: 0
[2014-11-03 01:44:01] EDIT MySQLTest/models/db.py: 0
[2014-11-03 01:44:02] EDIT MySQLTest/models/db.py: 0
[2014-11-03 01:44:06] EDIT MySQLTest/models/db.py: 0
[2014-11-03 01:44:34] EDIT MySQLTest/models/db.py: 0
[2014-11-03 01:44:42] EDIT MySQLTest/models/db.py: 0
[2014-11-03 01:45:51] EDIT MySQLTest/models/db.py: 0
[2014-11-03 01:47:23] EDIT MySQLTest/models/db.py: 0
[2014-11-03 01:47:28] EDIT MySQLTest/models/db.py: 0
[2014-11-03 01:47:33] EDIT MySQLTest/models/db.py: 0
[2014-11-03 01:47:35] EDIT MySQLTest/models/db.py: 0
[2014-11-03 01:47:44] EDIT MySQLTest/models/db.py: 0
[2014-11-03 01:47:55] EDIT MySQLTest/models/db.py: 0
[2014-11-03 01:48:30] EDIT MySQLTest/models/db.py: 0
[2014-11-03 01:48:46] EDIT MySQLTest/models/db.py: 0
[2014-11-03 01:49:00] EDIT MySQLTest/models/db.py: 0
[2014-11-03 01:49:05] EDIT MySQLTest/models/db.py: 0
[2014-11-03 01:49:09] EDIT MySQLTest/models/db.py: 0
[2014-11-03 01:49:12] EDIT MySQLTest/models/db.py: 0
[2014-11-03 01:49:16] EDIT MySQLTest/models/db.py: 0
[2014-11-03 01:49:23] EDIT MySQLTest/models/db.py: 0
[2014-11-03 01:49:56] EDIT MySQLTest/models/db.py: 0
[2014-11-03 01:50:08] EDIT MySQLTest/models/db.py: 0
[2014-11-03 01:50:13] EDIT MySQLTest/models/db.py: -1
[2014-11-03 01:50:42] EDIT MySQLTest/models/db.py: -1
[2014-11-03 01:50:48] EDIT MySQLTest/models/db.py: 0
[2014-11-03 01:50:53] EDIT MySQLTest/models/db.py: 0
[2014-11-03 01:51:12] EDIT MySQLTest/models/db.py: 0
[2014-11-03 01:51:16] EDIT MySQLTest/models/db.py: 2
[2014-11-03 01:56:01] EDIT MySQLTest/models/db.py: 0
[2014-11-03 01:56:06] EDIT MySQLTest/models/db.py: 0
[2014-11-03 01:56:09] EDIT MySQLTest/models/db.py: 0
[2014-11-03 01:56:19] EDIT MySQLTest/models/db.py: 0
[2014-11-03 01:57:11] EDIT MySQLTest/models/db.py: 0
[2014-11-03 01:57:18] EDIT MySQLTest/models/db.py: 0
[2014-11-03 01:57:59] EDIT MySQLTest/models/db.py: -4
[2014-11-03 01:58:10] EDIT MySQLTest/models/db.py: 4
[2014-11-03 01:58:17] EDIT MySQLTest/models/db.py: -3
[2014-11-03 01:58:27] EDIT MySQLTest/models/db.py: 3
[2014-11-03 01:58:38] EDIT MySQLTest/models/db.py: 0
[2014-11-03 02:00:12] EDIT MySQLTest/models/db.py: 0
[2014-11-03 02:00:36] EDIT MySQLTest/models/db.py: 0
[2014-11-03 02:02:35] EDIT MySQLTest/models/db.py: 0
[2014-11-03 02:03:44] EDIT MySQLTest/models/db.py: -3
[2014-11-03 02:05:51] EDIT MySQLTest/models/db.py: 0
[2014-11-03 02:07:03] EDIT MySQLTest/models/db.py: 0
[2014-11-03 04:18:32] EDIT MySQLTest/models/db.py: 1
[2014-11-03 04:18:40] EDIT MySQLTest/models/db.py: 0
[2014-11-03 04:18:43] EDIT MySQLTest/models/db.py: 0
[2014-11-03 04:22:25] EDIT MySQLTest/models/db.py: -26
[2014-11-03 04:22:41] EDIT MySQLTest/models/db.py: 0
[2014-11-03 04:22:46] EDIT MySQLTest/models/db.py: 0
[2014-11-03 04:24:45] EDIT MySQLTest/models/db.py: 2
[2014-11-03 04:25:00] EDIT MySQLTest/models/db.py: 0
[2014-11-03 04:27:15] EDIT MySQLTest/models/db.py: 0
[2014-11-03 04:27:19] EDIT MySQLTest/models/db.py: 0
[2014-11-03 04:27:25] EDIT MySQLTest/models/db.py: 0
[2014-11-03 04:27:48] EDIT MySQLTest/models/db.py: 0
[2014-11-03 04:28:06] EDIT MySQLTest/models/db.py: 0
[2014-11-03 04:28:21] EDIT MySQLTest/models/db.py: 0
[2014-11-03 04:28:31] EDIT MySQLTest/models/db.py: 0
[2014-11-03 04:28:42] EDIT MySQLTest/models/db.py: -3
[2014-11-03 04:28:48] EDIT MySQLTest/models/db.py: 3
[2014-11-03 04:32:18] EDIT MySQLTest/models/db.py: 0
[2014-11-03 04:32:25] EDIT MySQLTest/models/db.py: 0
[2014-11-03 04:32:42] EDIT MySQLTest/models/db.py: -2
[2014-11-03 04:42:56] EDIT MySQLTest/models/db.py: 0
[2014-11-03 04:43:17] EDIT MySQLTest/controllers/default.py: 0
[2014-11-03 04:43:41] EDIT MySQLTest/controllers/default.py: 0
[2014-11-03 04:43:59] DELETE MySQLTest/models/menu.py: -114
[2014-11-03 04:44:34] EDIT MySQLTest/controllers/default.py: 0
[2014-11-03 04:46:00] EDIT MySQLTest/models/db.py: 2
[2014-11-03 04:46:09] EDIT MySQLTest/models/db.py: 0
[2014-11-05 00:26:44] EDIT MySQLTest/models/db.py: -1
[2014-11-05 00:27:04] EDIT MySQLTest/models/db.py: 1
[2014-11-05 00:27:28] EDIT MySQLTest/models/db.py: -1
[2014-11-05 00:31:46] EDIT MySQLTest/models/db.py: 1
[2014-11-05 00:40:15] EDIT MySQLTest/models/db.py: 4
[2014-11-05 00:40:42] EDIT MySQLTest/controllers/default.py: 0
[2014-11-05 00:41:06] EDIT MySQLTest/controllers/default.py: 15
[2014-11-05 00:41:54] CREATE default/item_manager.html: 0
[2014-11-05 00:42:01] EDIT MySQLTest/views/default/item_manager.html: 1
[2014-11-05 00:42:04] EDIT MySQLTest/views/default/item_manager.html: 0
[2014-11-05 00:42:41] EDIT MySQLTest/models/db.py: 0
[2014-11-05 00:44:25] EDIT MySQLTest/models/db.py: -4
[2014-11-05 00:44:29] EDIT MySQLTest/models/db.py: 4
[2014-11-05 00:44:37] EDIT MySQLTest/models/db.py: -4
[2014-11-05 00:44:48] EDIT MySQLTest/models/db.py: 4
[2014-11-05 00:45:06] EDIT MySQLTest/models/db.py: 0
[2014-11-05 00:45:52] EDIT MySQLTest/models/db.py: -4
[2014-11-05 00:46:54] EDIT MySQLTest/models/db.py: 4
[2014-11-05 00:47:07] EDIT MySQLTest/models/db.py: -4
[2014-11-05 00:47:19] EDIT MySQLTest/models/db.py: 4
[2014-11-05 00:47:35] EDIT MySQLTest/models/db.py: 0
[2014-11-05 00:48:00] EDIT MySQLTest/models/db.py: 0
[2014-11-05 00:50:51] EDIT MySQLTest/models/db.py: 3
[2014-11-05 00:50:55] EDIT MySQLTest/models/db.py: 0
[2014-11-05 00:51:00] EDIT MySQLTest/models/db.py: 0
[2014-11-05 00:51:05] EDIT MySQLTest/models/db.py: -1
[2014-11-05 00:51:49] EDIT MySQLTest/models/db.py: -1
[2014-11-05 00:51:55] EDIT MySQLTest/models/db.py: 0
[2014-11-05 00:52:38] EDIT MySQLTest/models/db.py: -4
[2014-11-05 00:52:45] EDIT MySQLTest/controllers/default.py: 0
[2014-11-05 00:53:00] EDIT MySQLTest/models/db.py: 4
[2014-11-05 00:53:18] EDIT MySQLTest/models/db.py: 0
[2014-11-05 01:04:21] EDIT MySQLTest/controllers/default.py: 4
[2014-11-05 01:05:34] EDIT MySQLTest/controllers/default.py: 0
[2014-11-05 01:08:26] EDIT MySQLTest/controllers/default.py: 1
[2014-11-05 01:09:47] EDIT MySQLTest/controllers/default.py: 0
[2014-11-05 01:09:53] EDIT MySQLTest/controllers/default.py: 0
[2014-11-05 01:09:58] EDIT MySQLTest/controllers/default.py: 0
[2014-11-05 01:10:32] CREATE default/index.html: 0
[2014-11-05 01:10:51] EDIT MySQLTest/views/default/index.html: 1
[2014-11-05 01:10:54] EDIT MySQLTest/views/default/index.html: 0
[2014-11-05 01:10:59] EDIT MySQLTest/views/default/index.html: 0
[2014-11-05 01:11:03] EDIT MySQLTest/views/default/index.html: -1
[2014-11-05 01:11:17] EDIT MySQLTest/views/default/index.html: 2
[2014-11-05 01:11:28] EDIT MySQLTest/views/default/index.html: -2
[2014-11-05 01:11:37] EDIT MySQLTest/views/default/index.html: 0
[2014-11-05 01:14:11] EDIT MySQLTest/views/default/index.html: -1
[2014-11-05 01:14:15] EDIT MySQLTest/views/default/index.html: 1
[2014-11-05 01:15:03] EDIT MySQLTest/views/default/index.html: 0
[2014-11-05 01:15:07] EDIT MySQLTest/views/default/index.html: 0
[2014-11-05 01:15:23] EDIT MySQLTest/views/default/index.html: 0
[2014-11-05 01:15:32] EDIT MySQLTest/views/default/index.html: 0
[2014-11-05 01:17:13] EDIT MySQLTest/views/default/index.html: 0
[2014-11-05 01:17:22] EDIT MySQLTest/views/default/index.html: -1
[2014-11-05 01:40:28] EDIT MySQLTest/models/db.py: 4
[2014-11-05 01:40:30] EDIT MySQLTest/models/db.py: 0
[2014-11-05 01:40:42] EDIT MySQLTest/models/db.py: 1
[2014-11-05 01:40:57] EDIT MySQLTest/models/db.py: 0
[2014-11-05 01:41:11] EDIT MySQLTest/models/db.py: 0
[2014-11-05 01:41:26] EDIT MySQLTest/models/db.py: -1
[2014-11-05 01:41:47] EDIT MySQLTest/models/db.py: 1
[2014-11-05 01:41:50] EDIT MySQLTest/models/db.py: 0
[2014-11-05 01:41:55] EDIT MySQLTest/models/db.py: 0
[2014-11-05 01:42:03] EDIT MySQLTest/models/db.py: -5
[2014-11-05 01:42:14] EDIT MySQLTest/models/db.py: -1
[2014-11-05 01:43:00] EDIT MySQLTest/controllers/default.py: 0
[2014-11-05 01:43:29] EDIT MySQLTest/controllers/default.py: 0
[2014-11-05 01:43:33] EDIT MySQLTest/controllers/default.py: 0
[2014-11-05 01:44:34] EDIT MySQLTest/controllers/default.py: 0
[2014-11-05 01:44:45] EDIT MySQLTest/models/db.py: 0
[2014-11-05 01:49:35] EDIT MySQLTest/models/db.py: 7
[2014-11-05 01:49:40] EDIT MySQLTest/models/db.py: 0
[2014-11-05 01:49:57] EDIT MySQLTest/controllers/default.py: 15
[2014-11-05 01:50:19] EDIT MySQLTest/controllers/default.py: 0
[2014-11-05 01:50:34] EDIT MySQLTest/models/db.py: 0
[2014-11-05 01:51:15] EDIT MySQLTest/models/db.py: 1
[2014-11-05 01:51:40] EDIT MySQLTest/models/db.py: 0
[2014-11-05 01:51:48] EDIT MySQLTest/models/db.py: 0
[2014-11-05 01:53:01] EDIT MySQLTest/controllers/default.py: -15
[2014-11-05 01:53:10] EDIT MySQLTest/controllers/default.py: 15
[2014-11-05 01:53:16] EDIT MySQLTest/models/db.py: -1
[2014-11-05 01:53:22] EDIT MySQLTest/models/db.py: 1
[2014-11-05 01:53:34] EDIT MySQLTest/models/db.py: -3
[2014-11-05 01:53:36] EDIT MySQLTest/models/db.py: -1
[2014-11-05 01:53:41] EDIT MySQLTest/models/db.py: 4
[2014-11-05 01:56:36] EDIT MySQLTest/models/db.py: -8
[2014-11-05 01:56:52] EDIT MySQLTest/models/db.py: 4
[2014-11-05 01:57:12] EDIT MySQLTest/models/db.py: 4
[2014-11-05 01:57:20] EDIT MySQLTest/models/db.py: -1
[2014-11-05 01:57:27] EDIT MySQLTest/models/db.py: 0
[2014-11-05 01:57:34] EDIT MySQLTest/models/db.py: -2
[2014-11-05 01:57:39] EDIT MySQLTest/models/db.py: 1
[2014-11-05 01:57:46] EDIT MySQLTest/models/db.py: 1
[2014-11-05 01:57:58] EDIT MySQLTest/models/db.py: 0
[2014-11-05 01:58:08] EDIT MySQLTest/models/db.py: 0
[2014-11-05 01:58:11] EDIT MySQLTest/models/db.py: -1
[2014-11-05 01:58:18] EDIT MySQLTest/models/db.py: 0
[2014-11-05 01:58:24] EDIT MySQLTest/models/db.py: 1
[2014-11-05 01:58:39] EDIT MySQLTest/models/db.py: 0
[2014-11-05 01:59:22] EDIT MySQLTest/models/db.py: 1
[2014-11-05 01:59:26] EDIT MySQLTest/models/db.py: 0
[2014-11-05 01:59:32] EDIT MySQLTest/models/db.py: 0
[2014-11-05 02:06:39] EDIT MySQLTest/views/default/index.html: 11
[2014-11-05 02:07:21] EDIT MySQLTest/views/default/index.html: -11
[2014-11-05 02:14:35] EDIT MySQLTest/models/db.py: 3
[2014-11-05 02:14:58] EDIT MySQLTest/models/db.py: -8
[2014-11-05 02:15:30] EDIT MySQLTest/models/db.py: 0
[2014-11-05 02:15:38] EDIT MySQLTest/models/db.py: 0
[2014-11-05 02:19:29] EDIT MySQLTest/controllers/default.py: -14
[2014-11-05 02:19:32] EDIT MySQLTest/controllers/default.py: 1
[2014-11-05 02:19:36] EDIT MySQLTest/controllers/default.py: -2
[2014-11-05 02:20:22] EDIT MySQLTest/views/default/index.html: 12
[2014-11-05 02:32:39] DELETE MySQLTest/views/default/index.html: -14
[2014-11-05 02:33:02] CREATE default/user.html: 0
[2014-11-05 02:33:08] EDIT MySQLTest/views/default/user.html: 11
[2014-11-05 02:36:42] CREATE default/index.html: 0
[2014-11-05 02:37:11] EDIT MySQLTest/views/default/index.html: 11
[2014-11-05 02:37:48] DELETE MySQLTest/views/default/user.html: -14
[2014-11-05 02:38:56] EDIT MySQLTest/controllers/default.py: -3
[2014-11-05 02:39:17] EDIT MySQLTest/controllers/default.py: 0
[2014-11-05 02:39:35] DELETE MySQLTest/views/default/index.html: -14
[2014-11-05 02:39:43] CREATE default/user.html: 0
[2014-11-05 02:39:47] EDIT MySQLTest/views/default/user.html: 11
[2014-11-05 02:40:35] EDIT MySQLTest/views/default/user.html: 0
[2014-11-05 02:47:42] EDIT MySQLTest/models/db.py: -3
[2014-11-05 02:47:51] EDIT MySQLTest/models/db.py: 3
[2014-11-05 02:48:29] EDIT MySQLTest/models/db.py: -3
[2014-11-05 02:48:56] DELETE MySQLTest/views/default/user.html: -14
[2014-11-05 02:51:48] EDIT AuthenticationTest/controllers/default.py: -30
[2014-11-05 02:51:56] EDIT AuthenticationTest/models/db.py: -5
[2014-11-05 02:52:19] DELETE AuthenticationTest/views/default/contact_manager.html: -4
[2014-11-05 02:52:23] DELETE AuthenticationTest/views/default/item_manager.html: -4
[2014-11-05 02:52:44] CREATE default/user.html: 0
[2014-11-05 02:52:48] EDIT AuthenticationTest/views/default/user.html: 11
[2014-11-05 02:53:53] EDIT AuthenticationTest/controllers/default.py: 4
[2014-11-05 02:55:53] EDIT AuthenticationTest/controllers/default.py: 0
[2014-11-05 02:58:17] EDIT AuthenticationTest/controllers/default.py: 0
[2014-11-05 03:04:03] EDIT AuthenticationTest/controllers/default.py: 2
[2014-11-05 03:38:58] EDIT AuthenticationTest/controllers/default.py: 16
[2014-11-05 03:39:16] EDIT AuthenticationTest/models/db.py: 4
[2014-11-05 03:39:17] EDIT AuthenticationTest/models/db.py: 0
[2014-11-05 03:40:05] EDIT AuthenticationTest/controllers/default.py: -4
[2014-11-05 03:40:06] EDIT AuthenticationTest/controllers/default.py: 0
[2014-11-05 03:40:20] EDIT AuthenticationTest/models/db.py: 0
[2014-11-05 03:41:12] EDIT AuthenticationTest/controllers/default.py: 0
[2014-11-05 03:42:48] EDIT AuthenticationTest/controllers/default.py: 0
[2014-11-05 03:47:03] CREATE default/item_manager.html: 0
[2014-11-05 03:47:43] EDIT AuthenticationTest/views/default/item_manager.html: -1
[2014-11-05 03:47:51] EDIT AuthenticationTest/views/default/user.html: -1
[2014-11-05 03:48:33] EDIT AuthenticationTest/views/default/item_manager.html: 0
[2014-11-05 03:48:34] EDIT AuthenticationTest/views/default/item_manager.html: 0
[2014-11-05 03:51:18] EDIT AuthenticationTest/views/default/user.html: 1
[2014-11-05 03:51:19] EDIT AuthenticationTest/views/default/user.html: 0
[2014-11-05 03:53:56] EDIT AuthenticationTest/controllers/default.py: 0
[2014-11-05 03:54:44] EDIT AuthenticationTest/controllers/default.py: 0
[2014-11-05 03:56:24] EDIT AuthenticationTest/controllers/default.py: 0
[2014-11-05 03:56:27] EDIT AuthenticationTest/controllers/default.py: -1
[2014-11-05 03:56:52] EDIT AuthenticationTest/controllers/default.py: 0
[2014-11-05 03:57:18] EDIT AuthenticationTest/models/db.py: 0
[2014-11-05 03:58:29] EDIT AuthenticationTest/controllers/default.py: 1
[2014-11-05 03:58:33] EDIT AuthenticationTest/controllers/default.py: 0
[2014-11-05 04:02:45] EDIT AuthenticationTest/views/default/user.html: 0
[2014-11-05 04:02:49] EDIT AuthenticationTest/views/default/user.html: 0
[2014-11-05 04:03:04] EDIT AuthenticationTest/views/default/user.html: 0
[2014-11-05 04:03:09] EDIT AuthenticationTest/views/default/user.html: 0
[2014-11-05 04:03:17] EDIT AuthenticationTest/views/default/user.html: 0
[2014-11-05 04:04:33] EDIT AuthenticationTest/views/plugin_layouts/layouts/Unqualified.html: -103
[2014-11-05 04:05:13] EDIT AuthenticationTest/views/plugin_layouts/layouts/Unqualified.html: -8
[2014-11-05 04:05:50] EDIT AuthenticationTest/views/plugin_layouts/layouts/Unqualified.html: 0
[2014-11-05 04:05:52] EDIT AuthenticationTest/views/plugin_layouts/layouts/Unqualified.html: -1
[2014-11-05 04:06:02] EDIT AuthenticationTest/views/plugin_layouts/layouts/Unqualified.html: 0
[2014-11-05 04:07:50] EDIT AuthenticationTest/views/plugin_layouts/layouts/Unqualified.html: 0
[2014-11-05 04:08:00] EDIT AuthenticationTest/views/plugin_layouts/layouts/Unqualified.html: -1
[2014-11-05 04:08:06] EDIT AuthenticationTest/views/plugin_layouts/layouts/Unqualified.html: 104
[2014-11-05 04:08:16] EDIT AuthenticationTest/views/plugin_layouts/layouts/Unqualified.html: 0
[2014-11-05 04:08:32] EDIT AuthenticationTest/views/plugin_layouts/layouts/Unqualified.html: -61
[2014-11-05 04:09:09] EDIT AuthenticationTest/views/plugin_layouts/layouts/Unqualified.html: -25
[2014-11-05 04:09:26] EDIT AuthenticationTest/views/plugin_layouts/layouts/Unqualified.html: 0
[2014-11-05 04:09:49] EDIT AuthenticationTest/views/plugin_layouts/layouts/Unqualified.html: 0
[2014-11-05 04:10:14] EDIT AuthenticationTest/views/default/item_manager.html: 1
[2014-11-05 04:10:44] DELETE AuthenticationTest/views/plugin_layouts/layouts/Thingreenline.html: -55
[2014-11-05 04:10:49] DELETE AuthenticationTest/views/plugin_layouts/layouts/Blend.html: -551
[2014-11-05 04:10:53] DELETE AuthenticationTest/views/plugin_layouts/layouts/Boorish.html: -235
[2014-11-05 04:10:56] DELETE AuthenticationTest/views/plugin_layouts/layouts/Colorus.html: -70
[2014-11-05 04:10:59] DELETE AuthenticationTest/views/plugin_layouts/layouts/Compromise.html: -215
[2014-11-05 04:11:01] DELETE AuthenticationTest/views/plugin_layouts/layouts/Replenish.html: -348
[2014-11-05 04:14:54] EDIT StuffShare/views/plugin_layouts/layouts/Unqualified.html: 0
