timestamp: 2012-12-01T08:39:38.036000
CREATE TABLE auth_user(
    id INTEGER PRIMARY KEY AUTOINCREMENT,
    first_name CHAR(128),
    last_name CHAR(128),
    email CHAR(512),
    password CHAR(512),
    registration_key CHAR(512),
    reset_password_key CHAR(512),
    registration_id CHAR(512)
);
success!
timestamp: 2012-12-01T08:39:38.235000
CREATE TABLE auth_group(
    id INTEGER PRIMARY KEY AUTOINCREMENT,
    role CHAR(512),
    description TEXT
);
success!
timestamp: 2012-12-01T08:39:38.297000
CREATE TABLE auth_membership(
    id INTEGER PRIMARY KEY AUTOINCREMENT,
    user_id INTEGER REFERENCES auth_user (id) ON DELETE CASCADE,
    group_id INTEGER REFERENCES auth_group (id) ON DELETE CASCADE
);
success!
timestamp: 2012-12-01T08:39:38.499000
CREATE TABLE auth_permission(
    id INTEGER PRIMARY KEY AUTOINCREMENT,
    group_id INTEGER REFERENCES auth_group (id) ON DELETE CASCADE,
    name CHAR(512),
    table_name CHAR(512),
    record_id INTEGER
);
success!
timestamp: 2012-12-01T08:39:38.722000
CREATE TABLE auth_event(
    id INTEGER PRIMARY KEY AUTOINCREMENT,
    time_stamp TIMESTAMP,
    client_ip CHAR(512),
    user_id INTEGER REFERENCES auth_user (id) ON DELETE CASCADE,
    origin CHAR(512),
    description TEXT
);
success!
timestamp: 2012-12-01T08:39:38.804000
CREATE TABLE auth_cas(
    id INTEGER PRIMARY KEY AUTOINCREMENT,
    user_id INTEGER REFERENCES auth_user (id) ON DELETE CASCADE,
    created_on TIMESTAMP,
    service CHAR(512),
    ticket CHAR(512),
    renew CHAR(1)
);
success!
timestamp: 2012-12-01T08:39:38.912000
CREATE TABLE register(
    id INTEGER PRIMARY KEY AUTOINCREMENT,
    first_name CHAR(512),
    lastn_ame CHAR(512),
    email CHAR(512)
);
success!
timestamp: 2012-12-01T08:42:23.609000
ALTER TABLE register ADD last_name CHAR(512);
timestamp: 2012-12-08T22:00:39.980000
ALTER TABLE register ADD email_validate CHAR(512);
success!
success!
success!
success!
success!
success!
success!
success!
success!
success!
success!
success!
success!
success!
success!
success!
success!
success!
success!
success!
success!
success!
success!
success!
success!
success!
success!
success!
success!
success!
success!
success!
success!
success!
success!
success!
success!
success!
success!
success!
success!
success!
success!
success!
success!
success!
success!
success!
success!
success!
success!
success!
success!
success!
success!
success!
success!
success!
success!
success!
success!
success!
success!
success!
success!
timestamp: 2014-10-25T07:52:48.100275
ALTER TABLE register ADD notes CHAR(512);
success!
success!
success!
success!
success!
success!
success!
success!
success!
success!
success!
success!
success!
success!
success!
success!
success!
success!
success!
success!
success!
success!
success!
success!
success!
success!
success!
success!
success!
success!
success!
success!
success!
success!
success!
success!
success!
success!
success!
success!
success!
success!
success!
success!
success!
success!
success!
success!
success!
success!
success!
success!
success!
success!
success!
success!
success!
success!
success!
success!
success!
success!
success!
success!
success!
success!
success!
success!
success!
success!
success!
success!
success!
success!
success!
success!
success!
success!
success!
success!
success!
success!
success!
success!
success!
success!
success!
success!
success!
success!
success!
success!
success!
success!
success!
success!
success!
success!
success!
success!
success!
success!
success!
success!
success!
success!
success!
success!
success!
success!
success!
success!
success!
success!
success!
success!
success!
success!
success!
success!
success!
success!
success!
success!
success!
success!
success!
success!
success!
success!
success!
success!
success!
success!
success!
success!
success!
success!
success!
success!
success!
success!
success!
success!
success!
success!
success!
success!
success!
success!
success!
success!
success!
success!
success!
success!
success!
success!
success!
success!
success!
success!
success!
success!
success!
success!
success!
success!
success!
success!
success!
success!
success!
success!
success!
success!
success!
success!
success!
success!
success!
success!
success!
success!
success!
success!
success!
success!
success!
success!
success!
success!
success!
success!
success!
success!
success!
success!
success!
success!
success!
success!
success!
success!
success!
success!
success!
success!
success!
success!
success!
success!
success!
success!
success!
success!
success!
success!
success!
success!
success!
success!
success!
success!
success!
success!
success!
success!
success!
success!
success!
success!
success!
success!
success!
success!
success!
success!
success!
success!
success!
success!
success!
success!
success!
success!
success!
success!
success!
success!
success!
success!
success!
success!
success!
success!
success!
success!
success!
success!
success!
success!
success!
success!
success!
success!
success!
success!
success!
success!
success!
success!
success!
success!
success!
success!
success!
success!
success!
success!
success!
success!
success!
success!
success!
success!
success!
success!
success!
success!
success!
success!
success!
success!
success!
success!
success!
success!
success!
success!
success!
success!
success!
success!
success!
success!
success!
success!
success!
success!
success!
success!
success!
success!
success!
success!
success!
success!
success!
success!
success!
success!
success!
success!
success!
success!
success!
success!
success!
success!
success!
success!
success!
success!
success!
success!
success!
success!
success!
success!
success!
success!
success!
success!
success!
success!
success!
success!
success!
success!
success!
success!
success!
success!
success!
success!
success!
success!
success!
success!
success!
success!
success!
success!
success!
success!
success!
success!
success!
success!
success!
success!
success!
success!
success!
success!
success!
success!
success!
success!
success!
success!
success!
success!
success!
success!
success!
success!
success!
success!
success!
success!
success!
success!
success!
success!
success!
success!
success!
success!
success!
success!
success!
success!
success!
success!
success!
success!
success!
success!
success!
success!
success!
success!
success!
success!
success!
success!
success!
success!
success!
success!
success!
success!
success!
success!
success!
success!
success!
success!
success!
success!
success!
success!
success!
success!
success!
success!
success!
success!
success!
success!
success!
success!
success!
success!
success!
success!
success!
success!
success!
success!
success!
success!
success!
success!
success!
success!
success!
success!
success!
success!
success!
success!
success!
success!
success!
success!
success!
success!
success!
success!
success!
success!
success!
success!
success!
success!
success!
success!
success!
success!
success!
success!
success!
success!
success!
success!
success!
success!
success!
success!
success!
success!
success!
success!
success!
success!
success!
success!
success!
success!
success!
success!
success!
success!
success!
success!
success!
success!
success!
success!
success!
success!
success!
success!
success!
success!
success!
success!
success!
success!
success!
success!
success!
success!
success!
success!
success!
success!
success!
success!
success!
success!
success!
success!
success!
success!
success!
success!
success!
success!
success!
success!
success!
success!
success!
success!
success!
success!
success!
success!
success!
success!
success!
success!
success!
success!
success!
success!
success!
success!
success!
success!
success!
success!
success!
success!
success!
success!
success!
success!
success!
success!
success!
success!
success!
success!
success!
success!
success!
success!
success!
success!
success!
success!
success!
success!
success!
success!
success!
success!
success!
success!
success!
success!
success!
success!
success!
success!
success!
success!
success!
success!
success!
success!
success!
success!
success!
success!
success!
success!
success!
success!
success!
success!
success!
success!
success!
success!
success!
success!
success!
success!
success!
success!
success!
success!
success!
success!
success!
success!
success!
success!
success!
success!
success!
success!
success!
success!
success!
success!
success!
success!
success!
success!
success!
success!
success!
success!
success!
success!
success!
success!
success!
success!
success!
success!
success!
success!
success!
success!
success!
success!
success!
success!
success!
success!
success!
success!
success!
success!
success!
success!
success!
success!
success!
success!
success!
timestamp: 2014-11-03T01:42:42.209048
CREATE TABLE people(
    id INTEGER PRIMARY KEY AUTOINCREMENT,
    first_name CHAR(512),
    last_name CHAR(512)
);
success!
success!
timestamp: 2014-11-03T01:44:03.647155
CREATE TABLE people(
    id INT AUTO_INCREMENT NOT NULL,
    first_name VARCHAR(512),
    last_name VARCHAR(512),
    PRIMARY KEY (id)
) ENGINE=InnoDB CHARACTER SET utf8;
success!
timestamp: 2014-11-03T01:47:24.621193
ALTER TABLE people ADD lastname VARCHAR(512);
timestamp: 2014-11-03T01:47:29.453370
ALTER TABLE people ADD firstname VARCHAR(512);
timestamp: 2014-11-03T01:47:36.506673
ALTER TABLE people ADD lastname VARCHAR(512);
timestamp: 2014-11-03T01:48:47.721468
ALTER TABLE people ADD firstname VARCHAR(512);
timestamp: 2014-11-03T01:49:17.522363
ALTER TABLE people ADD firstname VARCHAR(512);
timestamp: 2014-11-03T01:49:24.914160
ALTER TABLE people ADD firstname VARCHAR(512);
timestamp: 2014-11-03T01:49:58.452084
ALTER TABLE people ADD firstname VARCHAR(512);
timestamp: 2014-11-03T01:50:15.039721
ALTER TABLE people DROP COLUMN last_name;
timestamp: 2014-11-03T01:50:38.405286
ALTER TABLE people DROP COLUMN last_name;
timestamp: 2014-11-03T01:50:43.496066
ALTER TABLE people DROP COLUMN first_name;
timestamp: 2014-11-03T01:50:49.939371
ALTER TABLE people DROP COLUMN first_name;
timestamp: 2014-11-03T01:50:54.287475
ALTER TABLE people DROP COLUMN first_name;
timestamp: 2014-11-03T01:56:07.229450
ALTER TABLE people ADD firstname VARCHAR(512);
timestamp: 2014-11-03T01:57:19.276431
ALTER TABLE people ADD lastname VARCHAR(512);
timestamp: 2014-11-03T01:58:19.367309
ALTER TABLE people DROP COLUMN first_name;
timestamp: 2014-11-03T01:58:41.898185
ALTER TABLE people ADD lastname VARCHAR(512);
timestamp: 2014-11-03T01:58:45.766729
ALTER TABLE people ADD lastname VARCHAR(512);
timestamp: 2014-11-03T02:03:46.527272
CREATE TABLE people(
    id INT AUTO_INCREMENT NOT NULL,
    PRIMARY KEY (id)
) ENGINE=InnoDB CHARACTER SET utf8;
timestamp: 2014-11-03T02:05:52.385653
ALTER TABLE people DROP COLUMN first_name;
timestamp: 2014-11-03T02:06:26.534274
ALTER TABLE people DROP COLUMN first_name;
timestamp: 2014-11-03T02:06:53.420433
ALTER TABLE people DROP COLUMN first_name;
timestamp: 2014-11-03T02:07:09.397185
ALTER TABLE people DROP COLUMN first_name;
timestamp: 2014-11-03T04:18:44.965768
ALTER TABLE people DROP COLUMN first_name;
timestamp: 2014-11-03T04:22:58.521538
ALTER TABLE people DROP COLUMN first_name;
timestamp: 2014-11-03T04:23:05.245941
ALTER TABLE people DROP COLUMN first_name;
timestamp: 2014-11-03T04:27:48.882307
ALTER TABLE people ADD firstname VARCHAR(512);
timestamp: 2014-11-03T04:28:32.421859
ALTER TABLE people ADD firstname VARCHAR(512);
timestamp: 2014-11-03T04:28:43.366210
ALTER TABLE people DROP COLUMN first_name;
timestamp: 2014-11-03T04:29:00.751648
ALTER TABLE people ADD firstname VARCHAR(512);
timestamp: 2014-11-03T04:32:19.543391
ALTER TABLE people ADD firstname VARCHAR(512);
timestamp: 2014-11-03T04:32:43.257670
ALTER TABLE people DROP COLUMN first_name;
timestamp: 2014-11-03T04:43:05.023116
CREATE TABLE people(
    id INT AUTO_INCREMENT NOT NULL,
    PRIMARY KEY (id)
) ENGINE=InnoDB CHARACTER SET utf8;
success!
timestamp: 2014-11-03T04:46:12.029441
ALTER TABLE people ADD first_name VARCHAR(512);
success!
timestamp: 2014-11-03T04:46:12.176990
ALTER TABLE people ADD last_name VARCHAR(512);
success!
success!
timestamp: 2014-11-05T00:40:17.810362
CREATE TABLE item(
    id INT AUTO_INCREMENT NOT NULL,
    item_name VARCHAR(512),
    quality VARCHAR(512),
    PRIMARY KEY (id)
) ENGINE=InnoDB CHARACTER SET utf8;
success!
timestamp: 2014-11-05T00:42:56.899824
CREATE TABLE items(
    id INT AUTO_INCREMENT NOT NULL,
    item_name VARCHAR(512),
    quality VARCHAR(512),
    PRIMARY KEY (id)
) ENGINE=InnoDB CHARACTER SET utf8;
timestamp: 2014-11-05T00:43:01.910245
CREATE TABLE items(
    id INT AUTO_INCREMENT NOT NULL,
    item_name VARCHAR(512),
    quality VARCHAR(512),
    PRIMARY KEY (id)
) ENGINE=InnoDB CHARACTER SET utf8;
timestamp: 2014-11-05T00:43:26.031143
CREATE TABLE items(
    id INT AUTO_INCREMENT NOT NULL,
    item_name VARCHAR(512),
    quality VARCHAR(512),
    PRIMARY KEY (id)
) ENGINE=InnoDB CHARACTER SET utf8;
timestamp: 2014-11-05T00:43:59.166174
CREATE TABLE items(
    id INT AUTO_INCREMENT NOT NULL,
    item_name VARCHAR(512),
    quality VARCHAR(512),
    PRIMARY KEY (id)
) ENGINE=InnoDB CHARACTER SET utf8;
timestamp: 2014-11-05T00:44:30.126971
CREATE TABLE items(
    id INT AUTO_INCREMENT NOT NULL,
    item_name VARCHAR(512),
    quality VARCHAR(512),
    PRIMARY KEY (id)
) ENGINE=InnoDB CHARACTER SET utf8;
timestamp: 2014-11-05T00:44:38.393884
CREATE TABLE items(
    id INT AUTO_INCREMENT NOT NULL,
    item_name VARCHAR(512),
    quality VARCHAR(512),
    PRIMARY KEY (id)
) ENGINE=InnoDB CHARACTER SET utf8;
timestamp: 2014-11-05T00:44:42.302040
CREATE TABLE items(
    id INT AUTO_INCREMENT NOT NULL,
    item_name VARCHAR(512),
    quality VARCHAR(512),
    PRIMARY KEY (id)
) ENGINE=InnoDB CHARACTER SET utf8;
timestamp: 2014-11-05T00:45:10.016777
CREATE TABLE items(
    id INT AUTO_INCREMENT NOT NULL,
    item_name VARCHAR(512),
    quality VARCHAR(512),
    PRIMARY KEY (id)
) ENGINE=InnoDB CHARACTER SET utf8;
timestamp: 2014-11-05T00:46:56.766800
CREATE TABLE posessions(
    id INT AUTO_INCREMENT NOT NULL,
    item_name VARCHAR(512),
    quality VARCHAR(512),
    PRIMARY KEY (id)
) ENGINE=InnoDB CHARACTER SET utf8;
timestamp: 2014-11-05T00:47:14.034392
CREATE TABLE posessions(
    id INT AUTO_INCREMENT NOT NULL,
    item_name VARCHAR(512),
    quality VARCHAR(512),
    PRIMARY KEY (id)
) ENGINE=InnoDB CHARACTER SET utf8;
timestamp: 2014-11-05T00:47:37.075270
CREATE TABLE posessions(
    id INT AUTO_INCREMENT NOT NULL,
    item_name VARCHAR(512),
    quality VARCHAR(512),
    PRIMARY KEY (id)
) ENGINE=InnoDB CHARACTER SET utf8;
timestamp: 2014-11-05T00:48:03.293004
CREATE TABLE posessions(
    id INT AUTO_INCREMENT NOT NULL,
    item_name VARCHAR(512),
    quality VARCHAR(512),
    PRIMARY KEY (id)
) ENGINE=InnoDB CHARACTER SET utf8;
timestamp: 2014-11-05T01:05:39.481836
CREATE TABLE auth_user(
    id INT AUTO_INCREMENT NOT NULL,
    first_name VARCHAR(128),
    last_name VARCHAR(128),
    email VARCHAR(512),
    password VARCHAR(512),
    registration_key VARCHAR(512),
    reset_password_key VARCHAR(512),
    registration_id VARCHAR(512),
    PRIMARY KEY (id)
) ENGINE=InnoDB CHARACTER SET utf8;
success!
timestamp: 2014-11-05T01:05:39.715938
CREATE TABLE auth_group(
    id INT AUTO_INCREMENT NOT NULL,
    role VARCHAR(512),
    description LONGTEXT,
    PRIMARY KEY (id)
) ENGINE=InnoDB CHARACTER SET utf8;
success!
timestamp: 2014-11-05T01:05:39.909066
CREATE TABLE auth_membership(
    id INT AUTO_INCREMENT NOT NULL,
    user_id INT, INDEX user_id__idx (user_id), FOREIGN KEY (user_id) REFERENCES auth_user (id) ON DELETE CASCADE,
    group_id INT, INDEX group_id__idx (group_id), FOREIGN KEY (group_id) REFERENCES auth_group (id) ON DELETE CASCADE,
    PRIMARY KEY (id)
) ENGINE=InnoDB CHARACTER SET utf8;
success!
timestamp: 2014-11-05T01:05:40.251128
CREATE TABLE auth_permission(
    id INT AUTO_INCREMENT NOT NULL,
    group_id INT, INDEX group_id__idx (group_id), FOREIGN KEY (group_id) REFERENCES auth_group (id) ON DELETE CASCADE,
    name VARCHAR(512),
    table_name VARCHAR(512),
    record_id INT,
    PRIMARY KEY (id)
) ENGINE=InnoDB CHARACTER SET utf8;
success!
timestamp: 2014-11-05T01:05:40.318779
CREATE TABLE auth_event(
    id INT AUTO_INCREMENT NOT NULL,
    time_stamp DATETIME,
    client_ip VARCHAR(512),
    user_id INT, INDEX user_id__idx (user_id), FOREIGN KEY (user_id) REFERENCES auth_user (id) ON DELETE CASCADE,
    origin VARCHAR(512),
    description LONGTEXT,
    PRIMARY KEY (id)
) ENGINE=InnoDB CHARACTER SET utf8;
success!
timestamp: 2014-11-05T01:05:40.414473
CREATE TABLE auth_cas(
    id INT AUTO_INCREMENT NOT NULL,
    user_id INT, INDEX user_id__idx (user_id), FOREIGN KEY (user_id) REFERENCES auth_user (id) ON DELETE CASCADE,
    created_on DATETIME,
    service VARCHAR(512),
    ticket VARCHAR(512),
    renew CHAR(1),
    PRIMARY KEY (id)
) ENGINE=InnoDB CHARACTER SET utf8;
success!
timestamp: 2014-11-05T01:40:35.734930
CREATE TABLE posessions(
    id INT AUTO_INCREMENT NOT NULL,
    item_name VARCHAR(512),
    quality VARCHAR(512),
    PRIMARY KEY (id)
) ENGINE=InnoDB CHARACTER SET utf8;
timestamp: 2014-11-05T01:41:27.296440
CREATE TABLE posessions(
    id INT AUTO_INCREMENT NOT NULL,
    item_name VARCHAR(512),
    quality VARCHAR(512),
    PRIMARY KEY (id)
) ENGINE=InnoDB CHARACTER SET utf8;
timestamp: 2014-11-05T01:41:36.637064
CREATE TABLE posessions(
    id INT AUTO_INCREMENT NOT NULL,
    item_name VARCHAR(512),
    quality VARCHAR(512),
    PRIMARY KEY (id)
) ENGINE=InnoDB CHARACTER SET utf8;
timestamp: 2014-11-05T01:42:18.625229
CREATE TABLE posessions(
    id INT AUTO_INCREMENT NOT NULL,
    item_name VARCHAR(512),
    quality VARCHAR(512),
    PRIMARY KEY (id)
) ENGINE=InnoDB CHARACTER SET utf8;
timestamp: 2014-11-05T01:42:44.049173
CREATE TABLE posessions(
    id INT AUTO_INCREMENT NOT NULL,
    item_name VARCHAR(512),
    quality VARCHAR(512),
    PRIMARY KEY (id)
) ENGINE=InnoDB CHARACTER SET utf8;
success!
timestamp: 2014-11-05T01:50:00.411056
ALTER TABLE auth_user ADD first_name__tmp VARCHAR(512);
success!
UPDATE auth_user SET first_name__tmp=first_name;
success!
ALTER TABLE auth_user DROP COLUMN first_name;
success!
ALTER TABLE auth_user ADD first_name VARCHAR(512);
success!
UPDATE auth_user SET first_name=first_name__tmp;
success!
ALTER TABLE auth_user DROP COLUMN first_name__tmp;
success!
timestamp: 2014-11-05T01:50:01.183488
ALTER TABLE auth_user ADD last_name__tmp VARCHAR(512);
success!
UPDATE auth_user SET last_name__tmp=last_name;
success!
ALTER TABLE auth_user DROP COLUMN last_name;
success!
ALTER TABLE auth_user ADD last_name VARCHAR(512);
success!
UPDATE auth_user SET last_name=last_name__tmp;
success!
ALTER TABLE auth_user DROP COLUMN last_name__tmp;
success!
timestamp: 2014-11-05T01:50:01.820449
ALTER TABLE auth_user ADD email__tmp VARCHAR(512) UNIQUE;
timestamp: 2014-11-05T01:50:40.318402
ALTER TABLE auth_user ADD email__tmp VARCHAR(512) UNIQUE;
timestamp: 2014-11-05T01:51:16.980909
ALTER TABLE auth_user ADD email__tmp VARCHAR(512) UNIQUE;
timestamp: 2014-11-05T01:51:42.174220
CREATE TABLE der(
    id INT AUTO_INCREMENT NOT NULL,
    first_name VARCHAR(512),
    last_name VARCHAR(512),
    email VARCHAR(512) UNIQUE,
    email_validate VARCHAR(512),
    password VARCHAR(512),
    PRIMARY KEY (id)
) ENGINE=InnoDB CHARACTER SET utf8;
timestamp: 2014-11-05T01:52:08.069018
ALTER TABLE auth_user ADD email__tmp VARCHAR(512) UNIQUE;
timestamp: 2014-11-05T01:53:02.285407
ALTER TABLE auth_user ADD email__tmp VARCHAR(512) UNIQUE;
timestamp: 2014-11-05T01:53:05.548297
ALTER TABLE auth_user ADD email__tmp VARCHAR(512) UNIQUE;
timestamp: 2014-11-05T01:53:17.342013
ALTER TABLE auth_user ADD email__tmp VARCHAR(512) UNIQUE;
timestamp: 2014-11-05T01:53:20.376590
ALTER TABLE auth_user ADD email__tmp VARCHAR(512) UNIQUE;
timestamp: 2014-11-05T01:53:23.373401
ALTER TABLE auth_user ADD email__tmp VARCHAR(512) UNIQUE;
timestamp: 2014-11-05T01:53:37.464517
ALTER TABLE auth_user DROP COLUMN last_name;
success!
timestamp: 2014-11-05T01:53:37.733855
ALTER TABLE auth_user DROP COLUMN registration_id;
success!
timestamp: 2014-11-05T01:53:38.110254
ALTER TABLE auth_user DROP COLUMN reset_password_key;
success!
timestamp: 2014-11-05T01:53:38.288342
ALTER TABLE auth_user DROP COLUMN password;
success!
timestamp: 2014-11-05T01:53:38.465305
ALTER TABLE auth_user DROP COLUMN registration_key;
success!
timestamp: 2014-11-05T01:53:38.599133
ALTER TABLE auth_user DROP COLUMN email;
success!
timestamp: 2014-11-05T01:53:42.541184
ALTER TABLE auth_user ADD last_name VARCHAR(512);
success!
timestamp: 2014-11-05T01:53:42.677597
ALTER TABLE auth_user ADD email VARCHAR(512) UNIQUE;
timestamp: 2014-11-05T01:56:37.222051
ALTER TABLE auth_user ADD first_name__tmp VARCHAR(128);
success!
UPDATE auth_user SET first_name__tmp=first_name;
success!
ALTER TABLE auth_user DROP COLUMN first_name;
success!
ALTER TABLE auth_user ADD first_name VARCHAR(128);
success!
UPDATE auth_user SET first_name=first_name__tmp;
success!
ALTER TABLE auth_user DROP COLUMN first_name__tmp;
success!
timestamp: 2014-11-05T01:56:38.154555
ALTER TABLE auth_user ADD last_name__tmp VARCHAR(128);
success!
UPDATE auth_user SET last_name__tmp=last_name;
success!
ALTER TABLE auth_user DROP COLUMN last_name;
success!
ALTER TABLE auth_user ADD last_name VARCHAR(128);
success!
UPDATE auth_user SET last_name=last_name__tmp;
success!
ALTER TABLE auth_user DROP COLUMN last_name__tmp;
success!
timestamp: 2014-11-05T01:56:39.333317
ALTER TABLE auth_user ADD registration_id VARCHAR(512);
success!
timestamp: 2014-11-05T01:56:39.537434
ALTER TABLE auth_user ADD reset_password_key VARCHAR(512);
success!
timestamp: 2014-11-05T01:56:39.847745
ALTER TABLE auth_user ADD password VARCHAR(512);
success!
timestamp: 2014-11-05T01:56:40.384478
ALTER TABLE auth_user ADD registration_key VARCHAR(512);
success!
timestamp: 2014-11-05T01:56:40.814824
ALTER TABLE auth_user ADD email VARCHAR(512);
success!
timestamp: 2014-11-05T01:56:53.738739
ALTER TABLE auth_user ADD first_name__tmp VARCHAR(512);
success!
UPDATE auth_user SET first_name__tmp=first_name;
success!
ALTER TABLE auth_user DROP COLUMN first_name;
success!
ALTER TABLE auth_user ADD first_name VARCHAR(512);
success!
UPDATE auth_user SET first_name=first_name__tmp;
success!
ALTER TABLE auth_user DROP COLUMN first_name__tmp;
success!
timestamp: 2014-11-05T01:56:54.439979
ALTER TABLE auth_user ADD last_name__tmp VARCHAR(512);
success!
UPDATE auth_user SET last_name__tmp=last_name;
success!
ALTER TABLE auth_user DROP COLUMN last_name;
success!
ALTER TABLE auth_user ADD last_name VARCHAR(512);
success!
UPDATE auth_user SET last_name=last_name__tmp;
success!
ALTER TABLE auth_user DROP COLUMN last_name__tmp;
success!
timestamp: 2014-11-05T01:56:55.008178
ALTER TABLE auth_user DROP COLUMN registration_id;
success!
timestamp: 2014-11-05T01:56:55.142567
ALTER TABLE auth_user DROP COLUMN email;
success!
timestamp: 2014-11-05T01:56:55.271528
ALTER TABLE auth_user DROP COLUMN reset_password_key;
success!
timestamp: 2014-11-05T01:56:55.424653
ALTER TABLE auth_user DROP COLUMN password;
success!
timestamp: 2014-11-05T01:56:55.647295
ALTER TABLE auth_user DROP COLUMN registration_key;
success!
timestamp: 2014-11-05T01:57:14.214996
ALTER TABLE auth_user ADD email VARCHAR(512) UNIQUE;
timestamp: 2014-11-05T01:57:21.792157
ALTER TABLE auth_user ADD password VARCHAR(512);
success!
timestamp: 2014-11-05T01:57:21.979788
ALTER TABLE auth_user ADD email VARCHAR(512) UNIQUE;
timestamp: 2014-11-05T01:57:29.255943
ALTER TABLE auth_user ADD email VARCHAR(512);
success!
timestamp: 2014-11-05T01:57:36.067118
ALTER TABLE auth_user DROP COLUMN password;
success!
timestamp: 2014-11-05T01:57:36.285469
ALTER TABLE auth_user DROP COLUMN email;
success!
timestamp: 2014-11-05T01:57:40.178686
ALTER TABLE auth_user ADD password VARCHAR(512);
success!
timestamp: 2014-11-05T01:57:40.427667
ALTER TABLE auth_user ADD email VARCHAR(512);
success!
timestamp: 2014-11-05T01:57:46.747007
ALTER TABLE auth_user ADD email__tmp VARCHAR(512) UNIQUE;
timestamp: 2014-11-05T01:57:59.420541
ALTER TABLE auth_user ADD email__tmp VARCHAR(512) UNIQUE;
timestamp: 2014-11-05T01:58:08.871149
ALTER TABLE auth_user ADD email__tmp VARCHAR(512) UNIQUE;
timestamp: 2014-11-05T01:58:12.554553
ALTER TABLE auth_user ADD email__tmp VARCHAR(512) UNIQUE;
timestamp: 2014-11-05T01:58:13.572983
ALTER TABLE auth_user ADD email__tmp VARCHAR(512) UNIQUE;
timestamp: 2014-11-05T01:59:27.607505
ALTER TABLE auth_user ADD email__tmp VARCHAR(512) UNIQUE;
timestamp: 2014-11-05T01:59:39.439957
ALTER TABLE auth_user ADD email_validate VARCHAR(512);
success!
success!
timestamp: 2014-11-05T02:14:37.738334
ALTER TABLE auth_user ADD first_name__tmp VARCHAR(128);
success!
UPDATE auth_user SET first_name__tmp=first_name;
success!
ALTER TABLE auth_user DROP COLUMN first_name;
success!
ALTER TABLE auth_user ADD first_name VARCHAR(128);
success!
UPDATE auth_user SET first_name=first_name__tmp;
success!
ALTER TABLE auth_user DROP COLUMN first_name__tmp;
success!
timestamp: 2014-11-05T02:14:38.465901
ALTER TABLE auth_user ADD last_name__tmp VARCHAR(128);
success!
UPDATE auth_user SET last_name__tmp=last_name;
success!
ALTER TABLE auth_user DROP COLUMN last_name;
success!
ALTER TABLE auth_user ADD last_name VARCHAR(128);
success!
UPDATE auth_user SET last_name=last_name__tmp;
success!
ALTER TABLE auth_user DROP COLUMN last_name__tmp;
success!
timestamp: 2014-11-05T02:14:39.285767
ALTER TABLE auth_user ADD registration_id VARCHAR(512);
success!
timestamp: 2014-11-05T02:14:39.463734
ALTER TABLE auth_user ADD reset_password_key VARCHAR(512);
success!
timestamp: 2014-11-05T02:14:39.670898
ALTER TABLE auth_user ADD registration_key VARCHAR(512);
success!
timestamp: 2014-11-05T02:14:39.815533
ALTER TABLE auth_user DROP COLUMN email_validate;
success!
timestamp: 2014-11-05T02:55:55.006373
CREATE TABLE auth_user(
    id INT AUTO_INCREMENT NOT NULL,
    first_name VARCHAR(128),
    last_name VARCHAR(128),
    email VARCHAR(512),
    password VARCHAR(512),
    registration_key VARCHAR(512),
    reset_password_key VARCHAR(512),
    registration_id VARCHAR(512),
    PRIMARY KEY (id)
) ENGINE=InnoDB CHARACTER SET utf8;
success!
timestamp: 2014-11-05T02:55:55.065937
CREATE TABLE auth_group(
    id INT AUTO_INCREMENT NOT NULL,
    role VARCHAR(512),
    description LONGTEXT,
    PRIMARY KEY (id)
) ENGINE=InnoDB CHARACTER SET utf8;
success!
timestamp: 2014-11-05T02:55:55.144287
CREATE TABLE auth_membership(
    id INT AUTO_INCREMENT NOT NULL,
    user_id INT, INDEX user_id__idx (user_id), FOREIGN KEY (user_id) REFERENCES auth_user (id) ON DELETE CASCADE,
    group_id INT, INDEX group_id__idx (group_id), FOREIGN KEY (group_id) REFERENCES auth_group (id) ON DELETE CASCADE,
    PRIMARY KEY (id)
) ENGINE=InnoDB CHARACTER SET utf8;
success!
timestamp: 2014-11-05T02:55:55.224407
CREATE TABLE auth_permission(
    id INT AUTO_INCREMENT NOT NULL,
    group_id INT, INDEX group_id__idx (group_id), FOREIGN KEY (group_id) REFERENCES auth_group (id) ON DELETE CASCADE,
    name VARCHAR(512),
    table_name VARCHAR(512),
    record_id INT,
    PRIMARY KEY (id)
) ENGINE=InnoDB CHARACTER SET utf8;
success!
timestamp: 2014-11-05T02:55:55.270971
CREATE TABLE auth_event(
    id INT AUTO_INCREMENT NOT NULL,
    time_stamp DATETIME,
    client_ip VARCHAR(512),
    user_id INT, INDEX user_id__idx (user_id), FOREIGN KEY (user_id) REFERENCES auth_user (id) ON DELETE CASCADE,
    origin VARCHAR(512),
    description LONGTEXT,
    PRIMARY KEY (id)
) ENGINE=InnoDB CHARACTER SET utf8;
success!
timestamp: 2014-11-05T02:55:55.318672
CREATE TABLE auth_cas(
    id INT AUTO_INCREMENT NOT NULL,
    user_id INT, INDEX user_id__idx (user_id), FOREIGN KEY (user_id) REFERENCES auth_user (id) ON DELETE CASCADE,
    created_on DATETIME,
    service VARCHAR(512),
    ticket VARCHAR(512),
    renew CHAR(1),
    PRIMARY KEY (id)
) ENGINE=InnoDB CHARACTER SET utf8;
success!
timestamp: 2014-11-05T03:39:20.912927
CREATE TABLE items(
    id INT AUTO_INCREMENT NOT NULL,
    item_name VARCHAR(512),
    quality VARCHAR(512),
    PRIMARY KEY (id)
) ENGINE=InnoDB CHARACTER SET utf8;
success!
timestamp: 2014-11-05T03:41:15.896433
CREATE TABLE items(
    id INT AUTO_INCREMENT NOT NULL,
    item_name VARCHAR(512),
    quality VARCHAR(512),
    PRIMARY KEY (id)
) ENGINE=InnoDB CHARACTER SET utf8;
timestamp: 2014-11-05T03:41:18.031412
CREATE TABLE items(
    id INT AUTO_INCREMENT NOT NULL,
    item_name VARCHAR(512),
    quality VARCHAR(512),
    PRIMARY KEY (id)
) ENGINE=InnoDB CHARACTER SET utf8;
timestamp: 2014-11-05T03:41:35.876547
CREATE TABLE items(
    id INT AUTO_INCREMENT NOT NULL,
    item_name VARCHAR(512),
    quality VARCHAR(512),
    PRIMARY KEY (id)
) ENGINE=InnoDB CHARACTER SET utf8;
success!
timestamp: 2014-11-05T03:57:19.552182
CREATE TABLE posessions(
    id INT AUTO_INCREMENT NOT NULL,
    item_name VARCHAR(512),
    quality VARCHAR(512),
    PRIMARY KEY (id)
) ENGINE=InnoDB CHARACTER SET utf8;
timestamp: 2014-11-05T03:57:25.764676
CREATE TABLE posessions(
    id INT AUTO_INCREMENT NOT NULL,
    item_name VARCHAR(512),
    quality VARCHAR(512),
    PRIMARY KEY (id)
) ENGINE=InnoDB CHARACTER SET utf8;
timestamp: 2014-11-05T03:57:31.203504
CREATE TABLE posessions(
    id INT AUTO_INCREMENT NOT NULL,
    item_name VARCHAR(512),
    quality VARCHAR(512),
    PRIMARY KEY (id)
) ENGINE=InnoDB CHARACTER SET utf8;
timestamp: 2014-11-05T03:57:43.417332
CREATE TABLE posessions(
    id INT AUTO_INCREMENT NOT NULL,
    item_name VARCHAR(512),
    quality VARCHAR(512),
    PRIMARY KEY (id)
) ENGINE=InnoDB CHARACTER SET utf8;
success!
timestamp: 2014-11-05T10:21:15.453979
ALTER TABLE posessions ADD item_name__tmp LONGTEXT;
success!
UPDATE posessions SET item_name__tmp=item_name;
success!
ALTER TABLE posessions DROP COLUMN item_name;
success!
ALTER TABLE posessions ADD item_name LONGTEXT;
success!
UPDATE posessions SET item_name=item_name__tmp;
success!
ALTER TABLE posessions DROP COLUMN item_name__tmp;
success!
timestamp: 2014-11-05T10:21:16.218391
ALTER TABLE posessions ADD quality__tmp LONGTEXT;
success!
UPDATE posessions SET quality__tmp=quality;
success!
ALTER TABLE posessions DROP COLUMN quality;
success!
ALTER TABLE posessions ADD quality LONGTEXT;
success!
UPDATE posessions SET quality=quality__tmp;
success!
ALTER TABLE posessions DROP COLUMN quality__tmp;
success!
success!
timestamp: 2014-11-05T10:25:05.955426
ALTER TABLE posessions ADD notes LONGTEXT;
success!
success!
timestamp: 2014-11-05T10:25:34.500252
ALTER TABLE posessions ADD return_date DATE;
success!
timestamp: 2014-11-06T07:33:29.221581
ALTER TABLE items ADD picture VARCHAR(512);
timestamp: 2014-11-06T07:33:43.881555
ALTER TABLE posessions ADD picture VARCHAR(512);
success!
success!
